WARNING: You're using the Ruby-based MySQL library that ships with Rails. This library is not suited for production. Please install the C-based MySQL library instead (gem install mysql).
  [4;36;1mSQL (0.000191)[0m   [0;1mSET NAMES 'utf8'[0m
  [4;35;1mSQL (0.000160)[0m   [0mSET SQL_AUTO_IS_NULL=0[0m
  [4;36;1mSQL (0.000287)[0m   [0;1mCREATE DATABASE `Todo_development` DEFAULT CHARACTER SET `utf8` COLLATE `utf8_general_ci`[0m
WARNING: You're using the Ruby-based MySQL library that ships with Rails. This library is not suited for production. Please install the C-based MySQL library instead (gem install mysql).
  [4;36;1mSQL (0.000175)[0m   [0;1mSET NAMES 'utf8'[0m
  [4;35;1mSQL (0.000155)[0m   [0mSET SQL_AUTO_IS_NULL=0[0m
  [4;36;1mSQL (0.000442)[0m   [0;1mSHOW TABLES[0m
  [4;35;1mSQL (0.005866)[0m   [0mCREATE TABLE `schema_migrations` (`version` varchar(255) NOT NULL) ENGINE=InnoDB[0m
  [4;36;1mSQL (0.003820)[0m   [0;1mCREATE UNIQUE INDEX `unique_schema_migrations` ON `schema_migrations` (`version`)[0m
  [4;35;1mSQL (0.000474)[0m   [0mSHOW TABLES[0m
  [4;36;1mSQL (0.000526)[0m   [0;1mSELECT version FROM schema_migrations[0m
Migrating to CreateCategories (20091014210541)
  [4;35;1mSQL (0.000264)[0m   [0mSELECT version FROM schema_migrations[0m
  [4;36;1mSQL (0.002345)[0m   [0;1mCREATE TABLE `categories` (`id` int(11) DEFAULT NULL auto_increment PRIMARY KEY, `category` varchar(255) DEFAULT NULL NULL, `created_at` datetime DEFAULT NULL NULL, `updated_at` datetime DEFAULT NULL NULL) ENGINE=InnoDB[0m
  [4;35;1mSQL (0.000469)[0m   [0mINSERT INTO schema_migrations (version) VALUES ('20091014210541')[0m
  [4;36;1mSQL (0.000465)[0m   [0;1mSELECT version FROM schema_migrations[0m
  [4;35;1mSQL (0.000467)[0m   [0mSHOW TABLES[0m
  [4;36;1mSQL (0.001838)[0m   [0;1mSHOW FIELDS FROM `categories`[0m
  [4;35;1mSQL (0.002361)[0m   [0mdescribe `categories`[0m
  [4;36;1mSQL (0.002122)[0m   [0;1mSHOW KEYS FROM `categories`[0m


Processing InfoController#properties (for 127.0.0.1 at 2009-10-14 18:09:07) [GET]
  Session ID: e4f363f8667030656e5eee0815f1328b
  Parameters: {"action"=>"properties", "controller"=>"rails/info"}
WARNING: You're using the Ruby-based MySQL library that ships with Rails. This library is not suited for production. Please install the C-based MySQL library instead (gem install mysql).
  [4;36;1mSQL (0.000251)[0m   [0;1mSET NAMES 'utf8'[0m
  [4;35;1mSQL (0.000226)[0m   [0mSET SQL_AUTO_IS_NULL=0[0m
  [4;36;1mSQL (0.000507)[0m   [0;1mSELECT version FROM schema_migrations[0m
Completed in 0.03154 (31 reqs/sec) | Rendering: 0.00183 (5%) | DB: 0.00098 (3%) | 200 OK [http://localhost/rails/info/properties]


Processing CategoriesController#index (for 127.0.0.1 at 2009-10-14 18:09:11) [GET]
  Session ID: BAh7BiIKZmxhc2hJQzonQWN0aW9uQ29udHJvbGxlcjo6Rmxhc2g6OkZsYXNo
SGFzaHsABjoKQHVzZWR7AA==--1c3875519c32fa89c054c2cefad81183c60fcd2d
  Parameters: {"action"=>"index", "controller"=>"categories"}
  [4;35;1mCategory Load (0.001196)[0m   [0mSELECT * FROM `categories` [0m
Rendering template within layouts/categories
Rendering categories/index
Completed in 0.01890 (52 reqs/sec) | Rendering: 0.00551 (29%) | DB: 0.00120 (6%) | 200 OK [http://localhost/categories]


Processing CategoriesController#new (for 127.0.0.1 at 2009-10-14 18:10:22) [GET]
  Session ID: BAh7BiIKZmxhc2hJQzonQWN0aW9uQ29udHJvbGxlcjo6Rmxhc2g6OkZsYXNo
SGFzaHsABjoKQHVzZWR7AA==--1c3875519c32fa89c054c2cefad81183c60fcd2d
  Parameters: {"action"=>"new", "controller"=>"categories"}
  [4;36;1mCategory Columns (0.001770)[0m   [0;1mSHOW FIELDS FROM `categories`[0m
Rendering template within layouts/categories
Rendering categories/new
Completed in 0.01602 (62 reqs/sec) | Rendering: 0.00610 (38%) | DB: 0.00177 (11%) | 200 OK [http://localhost/categories/new]


Processing CategoriesController#create (for 127.0.0.1 at 2009-10-14 18:10:26) [POST]
  Session ID: BAh7BzoMY3NyZl9pZCIlYjE2ZDY5ZmEzZWM4NDM3Y2NjOTFlNGZkNjc3ODEz
Y2YiCmZsYXNoSUM6J0FjdGlvbkNvbnRyb2xsZXI6OkZsYXNoOjpGbGFzaEhh
c2h7AAY6CkB1c2VkewA=--4a923b871ad338593b4aeff5f5645244cab8c099
  Parameters: {"commit"=>"Create", "category"=>{"category"=>"Pessoal"}, "authenticity_token"=>"f434e07e8237c97cead58ed18b67cc2721300612", "action"=>"create", "controller"=>"categories"}
  [4;35;1mCategory Columns (0.002301)[0m   [0mSHOW FIELDS FROM `categories`[0m
  [4;36;1mSQL (0.000275)[0m   [0;1mBEGIN[0m
  [4;35;1mCategory Create (0.000421)[0m   [0mINSERT INTO `categories` (`category`, `created_at`, `updated_at`) VALUES('Pessoal', '2009-10-14 21:10:26', '2009-10-14 21:10:26')[0m
  [4;36;1mSQL (0.005265)[0m   [0;1mCOMMIT[0m
Redirected to http://localhost:3000/categories/1
Completed in 0.02375 (42 reqs/sec) | DB: 0.00826 (34%) | 302 Found [http://localhost/categories]


Processing CategoriesController#show (for 127.0.0.1 at 2009-10-14 18:10:26) [GET]
  Session ID: BAh7BzoMY3NyZl9pZCIlYjE2ZDY5ZmEzZWM4NDM3Y2NjOTFlNGZkNjc3ODEz
Y2YiCmZsYXNoSUM6J0FjdGlvbkNvbnRyb2xsZXI6OkZsYXNoOjpGbGFzaEhh
c2h7BjoLbm90aWNlIidDYXRlZ29yeSB3YXMgc3VjY2Vzc2Z1bGx5IGNyZWF0
ZWQuBjoKQHVzZWR7BjsHRg==--9c93cc7d6cbe935c83294d310bf1b29e71566e6f
  Parameters: {"action"=>"show", "id"=>"1", "controller"=>"categories"}
  [4;35;1mCategory Columns (0.002303)[0m   [0mSHOW FIELDS FROM `categories`[0m
  [4;36;1mCategory Load (0.000829)[0m   [0;1mSELECT * FROM `categories` WHERE (`categories`.`id` = 1) [0m
Rendering template within layouts/categories
Rendering categories/show
Completed in 0.01789 (55 reqs/sec) | Rendering: 0.00314 (17%) | DB: 0.00313 (17%) | 200 OK [http://localhost/categories/1]


Processing CategoriesController#index (for 127.0.0.1 at 2009-10-14 18:10:28) [GET]
  Session ID: BAh7BzoMY3NyZl9pZCIlYjE2ZDY5ZmEzZWM4NDM3Y2NjOTFlNGZkNjc3ODEz
Y2YiCmZsYXNoSUM6J0FjdGlvbkNvbnRyb2xsZXI6OkZsYXNoOjpGbGFzaEhh
c2h7BjoLbm90aWNlIidDYXRlZ29yeSB3YXMgc3VjY2Vzc2Z1bGx5IGNyZWF0
ZWQuBjoKQHVzZWR7BjsHVA==--246bcbeeacc2971e12f208512f9e72346629ebc1
  Parameters: {"action"=>"index", "controller"=>"categories"}
  [4;35;1mCategory Load (0.001069)[0m   [0mSELECT * FROM `categories` [0m
Rendering template within layouts/categories
Rendering categories/index
  [4;36;1mCategory Columns (0.002312)[0m   [0;1mSHOW FIELDS FROM `categories`[0m
Completed in 0.02040 (49 reqs/sec) | Rendering: 0.00459 (22%) | DB: 0.00338 (16%) | 200 OK [http://localhost/categories]


Processing CategoriesController#new (for 127.0.0.1 at 2009-10-14 18:10:29) [GET]
  Session ID: BAh7BzoMY3NyZl9pZCIlYjE2ZDY5ZmEzZWM4NDM3Y2NjOTFlNGZkNjc3ODEz
Y2YiCmZsYXNoSUM6J0FjdGlvbkNvbnRyb2xsZXI6OkZsYXNoOjpGbGFzaEhh
c2h7AAY6CkB1c2VkewA=--4a923b871ad338593b4aeff5f5645244cab8c099
  Parameters: {"action"=>"new", "controller"=>"categories"}
  [4;35;1mCategory Columns (0.001753)[0m   [0mSHOW FIELDS FROM `categories`[0m
Rendering template within layouts/categories
Rendering categories/new
Completed in 0.01485 (67 reqs/sec) | Rendering: 0.00489 (32%) | DB: 0.00175 (11%) | 200 OK [http://localhost/categories/new]


Processing CategoriesController#create (for 127.0.0.1 at 2009-10-14 18:10:34) [POST]
  Session ID: BAh7BzoMY3NyZl9pZCIlYjE2ZDY5ZmEzZWM4NDM3Y2NjOTFlNGZkNjc3ODEz
Y2YiCmZsYXNoSUM6J0FjdGlvbkNvbnRyb2xsZXI6OkZsYXNoOjpGbGFzaEhh
c2h7AAY6CkB1c2VkewA=--4a923b871ad338593b4aeff5f5645244cab8c099
  Parameters: {"commit"=>"Create", "category"=>{"category"=>"Pessoal"}, "authenticity_token"=>"f434e07e8237c97cead58ed18b67cc2721300612", "action"=>"create", "controller"=>"categories"}
  [4;36;1mCategory Columns (0.001776)[0m   [0;1mSHOW FIELDS FROM `categories`[0m
  [4;35;1mSQL (0.000204)[0m   [0mBEGIN[0m
  [4;36;1mCategory Create (0.000330)[0m   [0;1mINSERT INTO `categories` (`category`, `created_at`, `updated_at`) VALUES('Pessoal', '2009-10-14 21:10:34', '2009-10-14 21:10:34')[0m
  [4;35;1mSQL (0.004903)[0m   [0mCOMMIT[0m
Redirected to http://localhost:3000/categories/2
Completed in 0.01853 (53 reqs/sec) | DB: 0.00721 (38%) | 302 Found [http://localhost/categories]


Processing CategoriesController#show (for 127.0.0.1 at 2009-10-14 18:10:34) [GET]
  Session ID: BAh7BzoMY3NyZl9pZCIlYjE2ZDY5ZmEzZWM4NDM3Y2NjOTFlNGZkNjc3ODEz
Y2YiCmZsYXNoSUM6J0FjdGlvbkNvbnRyb2xsZXI6OkZsYXNoOjpGbGFzaEhh
c2h7BjoLbm90aWNlIidDYXRlZ29yeSB3YXMgc3VjY2Vzc2Z1bGx5IGNyZWF0
ZWQuBjoKQHVzZWR7BjsHRg==--9c93cc7d6cbe935c83294d310bf1b29e71566e6f
  Parameters: {"action"=>"show", "id"=>"2", "controller"=>"categories"}
  [4;36;1mCategory Columns (0.002232)[0m   [0;1mSHOW FIELDS FROM `categories`[0m
  [4;35;1mCategory Load (0.000981)[0m   [0mSELECT * FROM `categories` WHERE (`categories`.`id` = 2) [0m
Rendering template within layouts/categories
Rendering categories/show
Completed in 0.02169 (46 reqs/sec) | Rendering: 0.00308 (14%) | DB: 0.00321 (14%) | 200 OK [http://localhost/categories/2]


Processing CategoriesController#index (for 127.0.0.1 at 2009-10-14 18:10:35) [GET]
  Session ID: BAh7BzoMY3NyZl9pZCIlYjE2ZDY5ZmEzZWM4NDM3Y2NjOTFlNGZkNjc3ODEz
Y2YiCmZsYXNoSUM6J0FjdGlvbkNvbnRyb2xsZXI6OkZsYXNoOjpGbGFzaEhh
c2h7BjoLbm90aWNlIidDYXRlZ29yeSB3YXMgc3VjY2Vzc2Z1bGx5IGNyZWF0
ZWQuBjoKQHVzZWR7BjsHVA==--246bcbeeacc2971e12f208512f9e72346629ebc1
  Parameters: {"action"=>"index", "controller"=>"categories"}
  [4;36;1mCategory Load (0.001377)[0m   [0;1mSELECT * FROM `categories` [0m
Rendering template within layouts/categories
Rendering categories/index
  [4;35;1mCategory Columns (0.002746)[0m   [0mSHOW FIELDS FROM `categories`[0m
Completed in 0.02041 (48 reqs/sec) | Rendering: 0.00555 (27%) | DB: 0.00412 (20%) | 200 OK [http://localhost/categories]


Processing CategoriesController#index (for 127.0.0.1 at 2009-10-14 18:14:01) [GET]
  Session ID: BAh7BzoMY3NyZl9pZCIlYjE2ZDY5ZmEzZWM4NDM3Y2NjOTFlNGZkNjc3ODEz
Y2YiCmZsYXNoSUM6J0FjdGlvbkNvbnRyb2xsZXI6OkZsYXNoOjpGbGFzaEhh
c2h7AAY6CkB1c2VkewA=--4a923b871ad338593b4aeff5f5645244cab8c099
  Parameters: {"action"=>"index", "controller"=>"categories"}


SyntaxError (/home/edonle/myapps/Todo/app/models/category.rb:3: syntax error, unexpected tIDENTIFIER, expecting kDO or '{' or '('):
    /vendor/rails/activesupport/lib/active_support/dependencies.rb:215:in `load_without_new_constant_marking'
    /vendor/rails/activesupport/lib/active_support/dependencies.rb:215:in `load_file'
    /vendor/rails/activesupport/lib/active_support/dependencies.rb:354:in `new_constants_in'
    /vendor/rails/activesupport/lib/active_support/dependencies.rb:214:in `load_file'
    /vendor/rails/activesupport/lib/active_support/dependencies.rb:95:in `require_or_load'
    /vendor/rails/activesupport/lib/active_support/dependencies.rb:260:in `load_missing_constant'
    /vendor/rails/activesupport/lib/active_support/dependencies.rb:467:in `const_missing'
    /vendor/rails/activesupport/lib/active_support/dependencies.rb:479:in `const_missing'
    /vendor/rails/activesupport/lib/active_support/dependencies.rb:272:in `load_missing_constant'
    /vendor/rails/activesupport/lib/active_support/dependencies.rb:483:in `const_missing'
    /app/controllers/categories_controller.rb:5:in `index'
    /vendor/rails/actionpack/lib/action_controller/base.rb:1162:in `send'
    /vendor/rails/actionpack/lib/action_controller/base.rb:1162:in `perform_action_without_filters'
    /vendor/rails/actionpack/lib/action_controller/filters.rb:580:in `call_filters'
    /vendor/rails/actionpack/lib/action_controller/filters.rb:573:in `perform_action_without_benchmark'
    /vendor/rails/actionpack/lib/action_controller/benchmarking.rb:68:in `perform_action_without_rescue'
    /usr/lib/ruby/1.8/benchmark.rb:293:in `measure'
    /vendor/rails/actionpack/lib/action_controller/benchmarking.rb:68:in `perform_action_without_rescue'
    /vendor/rails/actionpack/lib/action_controller/rescue.rb:201:in `perform_action_without_caching'
    /vendor/rails/actionpack/lib/action_controller/caching/sql_cache.rb:13:in `perform_action'
    /vendor/rails/activerecord/lib/active_record/connection_adapters/abstract/query_cache.rb:33:in `cache'
    /vendor/rails/activerecord/lib/active_record/query_cache.rb:8:in `cache'
    /vendor/rails/actionpack/lib/action_controller/caching/sql_cache.rb:12:in `perform_action'
    /vendor/rails/actionpack/lib/action_controller/base.rb:529:in `send'
    /vendor/rails/actionpack/lib/action_controller/base.rb:529:in `process_without_filters'
    /vendor/rails/actionpack/lib/action_controller/filters.rb:569:in `process_without_session_management_support'
    /vendor/rails/actionpack/lib/action_controller/session_management.rb:130:in `process'
    /vendor/rails/actionpack/lib/action_controller/base.rb:389:in `process'
    /vendor/rails/actionpack/lib/action_controller/dispatcher.rb:149:in `handle_request'
    /vendor/rails/actionpack/lib/action_controller/dispatcher.rb:107:in `dispatch'
    /vendor/rails/actionpack/lib/action_controller/dispatcher.rb:104:in `synchronize'
    /vendor/rails/actionpack/lib/action_controller/dispatcher.rb:104:in `dispatch'
    /vendor/rails/actionpack/lib/action_controller/dispatcher.rb:120:in `dispatch_cgi'
    /vendor/rails/actionpack/lib/action_controller/dispatcher.rb:35:in `dispatch'
    /vendor/rails/railties/lib/webrick_server.rb:112:in `handle_dispatch'
    /vendor/rails/railties/lib/webrick_server.rb:78:in `service'
    /usr/lib/ruby/1.8/webrick/httpserver.rb:104:in `service'
    /usr/lib/ruby/1.8/webrick/httpserver.rb:65:in `run'
    /usr/lib/ruby/1.8/webrick/server.rb:173:in `start_thread'
    /usr/lib/ruby/1.8/webrick/server.rb:162:in `start'
    /usr/lib/ruby/1.8/webrick/server.rb:162:in `start_thread'
    /usr/lib/ruby/1.8/webrick/server.rb:95:in `start'
    /usr/lib/ruby/1.8/webrick/server.rb:92:in `each'
    /usr/lib/ruby/1.8/webrick/server.rb:92:in `start'
    /usr/lib/ruby/1.8/webrick/server.rb:23:in `start'
    /usr/lib/ruby/1.8/webrick/server.rb:82:in `start'
    /vendor/rails/railties/lib/webrick_server.rb:62:in `dispatch'
    /vendor/rails/railties/lib/commands/servers/webrick.rb:66
    /usr/lib/ruby/1.8/rubygems/custom_require.rb:31:in `gem_original_require'
    /usr/lib/ruby/1.8/rubygems/custom_require.rb:31:in `require'
    /vendor/rails/activesupport/lib/active_support/dependencies.rb:509:in `require'
    /vendor/rails/activesupport/lib/active_support/dependencies.rb:354:in `new_constants_in'
    /vendor/rails/activesupport/lib/active_support/dependencies.rb:509:in `require'
    /vendor/rails/railties/lib/commands/server.rb:39
    /usr/lib/ruby/1.8/rubygems/custom_require.rb:31:in `gem_original_require'
    /usr/lib/ruby/1.8/rubygems/custom_require.rb:31:in `require'
    script/server:3

Rendering /home/edonle/myapps/Todo/vendor/rails/actionpack/lib/action_controller/templates/rescues/layout.erb (internal_server_error)


Processing CategoriesController#index (for 127.0.0.1 at 2009-10-14 18:14:14) [GET]
  Session ID: BAh7BzoMY3NyZl9pZCIlYjE2ZDY5ZmEzZWM4NDM3Y2NjOTFlNGZkNjc3ODEz
Y2YiCmZsYXNoSUM6J0FjdGlvbkNvbnRyb2xsZXI6OkZsYXNoOjpGbGFzaEhh
c2h7AAY6CkB1c2VkewA=--4a923b871ad338593b4aeff5f5645244cab8c099
  Parameters: {"action"=>"index", "controller"=>"categories"}


SyntaxError (/home/edonle/myapps/Todo/app/models/category.rb:3: syntax error, unexpected tIDENTIFIER, expecting kDO or '{' or '('):
    /vendor/rails/activesupport/lib/active_support/dependencies.rb:215:in `load_without_new_constant_marking'
    /vendor/rails/activesupport/lib/active_support/dependencies.rb:215:in `load_file'
    /vendor/rails/activesupport/lib/active_support/dependencies.rb:354:in `new_constants_in'
    /vendor/rails/activesupport/lib/active_support/dependencies.rb:214:in `load_file'
    /vendor/rails/activesupport/lib/active_support/dependencies.rb:95:in `require_or_load'
    /vendor/rails/activesupport/lib/active_support/dependencies.rb:260:in `load_missing_constant'
    /vendor/rails/activesupport/lib/active_support/dependencies.rb:467:in `const_missing'
    /vendor/rails/activesupport/lib/active_support/dependencies.rb:479:in `const_missing'
    /vendor/rails/activesupport/lib/active_support/dependencies.rb:272:in `load_missing_constant'
    /vendor/rails/activesupport/lib/active_support/dependencies.rb:483:in `const_missing'
    /app/controllers/categories_controller.rb:5:in `index'
    /vendor/rails/actionpack/lib/action_controller/base.rb:1162:in `send'
    /vendor/rails/actionpack/lib/action_controller/base.rb:1162:in `perform_action_without_filters'
    /vendor/rails/actionpack/lib/action_controller/filters.rb:580:in `call_filters'
    /vendor/rails/actionpack/lib/action_controller/filters.rb:573:in `perform_action_without_benchmark'
    /vendor/rails/actionpack/lib/action_controller/benchmarking.rb:68:in `perform_action_without_rescue'
    /usr/lib/ruby/1.8/benchmark.rb:293:in `measure'
    /vendor/rails/actionpack/lib/action_controller/benchmarking.rb:68:in `perform_action_without_rescue'
    /vendor/rails/actionpack/lib/action_controller/rescue.rb:201:in `perform_action_without_caching'
    /vendor/rails/actionpack/lib/action_controller/caching/sql_cache.rb:13:in `perform_action'
    /vendor/rails/activerecord/lib/active_record/connection_adapters/abstract/query_cache.rb:33:in `cache'
    /vendor/rails/activerecord/lib/active_record/query_cache.rb:8:in `cache'
    /vendor/rails/actionpack/lib/action_controller/caching/sql_cache.rb:12:in `perform_action'
    /vendor/rails/actionpack/lib/action_controller/base.rb:529:in `send'
    /vendor/rails/actionpack/lib/action_controller/base.rb:529:in `process_without_filters'
    /vendor/rails/actionpack/lib/action_controller/filters.rb:569:in `process_without_session_management_support'
    /vendor/rails/actionpack/lib/action_controller/session_management.rb:130:in `process'
    /vendor/rails/actionpack/lib/action_controller/base.rb:389:in `process'
    /vendor/rails/actionpack/lib/action_controller/dispatcher.rb:149:in `handle_request'
    /vendor/rails/actionpack/lib/action_controller/dispatcher.rb:107:in `dispatch'
    /vendor/rails/actionpack/lib/action_controller/dispatcher.rb:104:in `synchronize'
    /vendor/rails/actionpack/lib/action_controller/dispatcher.rb:104:in `dispatch'
    /vendor/rails/actionpack/lib/action_controller/dispatcher.rb:120:in `dispatch_cgi'
    /vendor/rails/actionpack/lib/action_controller/dispatcher.rb:35:in `dispatch'
    /vendor/rails/railties/lib/webrick_server.rb:112:in `handle_dispatch'
    /vendor/rails/railties/lib/webrick_server.rb:78:in `service'
    /usr/lib/ruby/1.8/webrick/httpserver.rb:104:in `service'
    /usr/lib/ruby/1.8/webrick/httpserver.rb:65:in `run'
    /usr/lib/ruby/1.8/webrick/server.rb:173:in `start_thread'
    /usr/lib/ruby/1.8/webrick/server.rb:162:in `start'
    /usr/lib/ruby/1.8/webrick/server.rb:162:in `start_thread'
    /usr/lib/ruby/1.8/webrick/server.rb:95:in `start'
    /usr/lib/ruby/1.8/webrick/server.rb:92:in `each'
    /usr/lib/ruby/1.8/webrick/server.rb:92:in `start'
    /usr/lib/ruby/1.8/webrick/server.rb:23:in `start'
    /usr/lib/ruby/1.8/webrick/server.rb:82:in `start'
    /vendor/rails/railties/lib/webrick_server.rb:62:in `dispatch'
    /vendor/rails/railties/lib/commands/servers/webrick.rb:66
    /usr/lib/ruby/1.8/rubygems/custom_require.rb:31:in `gem_original_require'
    /usr/lib/ruby/1.8/rubygems/custom_require.rb:31:in `require'
    /vendor/rails/activesupport/lib/active_support/dependencies.rb:509:in `require'
    /vendor/rails/activesupport/lib/active_support/dependencies.rb:354:in `new_constants_in'
    /vendor/rails/activesupport/lib/active_support/dependencies.rb:509:in `require'
    /vendor/rails/railties/lib/commands/server.rb:39
    /usr/lib/ruby/1.8/rubygems/custom_require.rb:31:in `gem_original_require'
    /usr/lib/ruby/1.8/rubygems/custom_require.rb:31:in `require'
    script/server:3

Rendering /home/edonle/myapps/Todo/vendor/rails/actionpack/lib/action_controller/templates/rescues/layout.erb (internal_server_error)


Processing CategoriesController#index (for 127.0.0.1 at 2009-10-14 18:14:27) [GET]
  Session ID: BAh7BzoMY3NyZl9pZCIlYjE2ZDY5ZmEzZWM4NDM3Y2NjOTFlNGZkNjc3ODEz
Y2YiCmZsYXNoSUM6J0FjdGlvbkNvbnRyb2xsZXI6OkZsYXNoOjpGbGFzaEhh
c2h7AAY6CkB1c2VkewA=--4a923b871ad338593b4aeff5f5645244cab8c099
  Parameters: {"action"=>"index", "controller"=>"categories"}
  [4;36;1mCategory Load (0.000717)[0m   [0;1mSELECT * FROM `categories` [0m
Rendering template within layouts/categories
Rendering categories/index
  [4;35;1mCategory Columns (0.001644)[0m   [0mSHOW FIELDS FROM `categories`[0m
Completed in 0.01409 (70 reqs/sec) | Rendering: 0.00382 (27%) | DB: 0.00236 (16%) | 200 OK [http://localhost/categories]


Processing CategoriesController#destroy (for 127.0.0.1 at 2009-10-14 18:14:34) [DELETE]
  Session ID: BAh7BzoMY3NyZl9pZCIlYjE2ZDY5ZmEzZWM4NDM3Y2NjOTFlNGZkNjc3ODEz
Y2YiCmZsYXNoSUM6J0FjdGlvbkNvbnRyb2xsZXI6OkZsYXNoOjpGbGFzaEhh
c2h7AAY6CkB1c2VkewA=--4a923b871ad338593b4aeff5f5645244cab8c099
  Parameters: {"authenticity_token"=>"f434e07e8237c97cead58ed18b67cc2721300612", "_method"=>"delete", "action"=>"destroy", "id"=>"2", "controller"=>"categories"}
  [4;36;1mCategory Columns (0.002678)[0m   [0;1mSHOW FIELDS FROM `categories`[0m
  [4;35;1mCategory Load (0.001003)[0m   [0mSELECT * FROM `categories` WHERE (`categories`.`id` = 2) [0m
  [4;36;1mSQL (0.000256)[0m   [0;1mBEGIN[0m
  [4;35;1mCategory Destroy (0.000588)[0m   [0m DELETE FROM `categories`
 WHERE `id` = 2
[0m
  [4;36;1mSQL (0.006422)[0m   [0;1mCOMMIT[0m
Redirected to http://localhost:3000/categories
Completed in 0.02673 (37 reqs/sec) | DB: 0.01095 (40%) | 302 Found [http://localhost/categories/2]


Processing CategoriesController#index (for 127.0.0.1 at 2009-10-14 18:14:34) [GET]
  Session ID: BAh7BzoMY3NyZl9pZCIlYjE2ZDY5ZmEzZWM4NDM3Y2NjOTFlNGZkNjc3ODEz
Y2YiCmZsYXNoSUM6J0FjdGlvbkNvbnRyb2xsZXI6OkZsYXNoOjpGbGFzaEhh
c2h7AAY6CkB1c2VkewA=--4a923b871ad338593b4aeff5f5645244cab8c099
  Parameters: {"action"=>"index", "controller"=>"categories"}
  [4;35;1mCategory Load (0.001202)[0m   [0mSELECT * FROM `categories` [0m
Rendering template within layouts/categories
Rendering categories/index
  [4;36;1mCategory Columns (0.002536)[0m   [0;1mSHOW FIELDS FROM `categories`[0m
Completed in 0.02328 (42 reqs/sec) | Rendering: 0.00520 (22%) | DB: 0.00374 (16%) | 200 OK [http://localhost/categories]


Processing CategoriesController#index (for 127.0.0.1 at 2009-10-14 18:14:41) [GET]
  Session ID: BAh7BzoMY3NyZl9pZCIlYjE2ZDY5ZmEzZWM4NDM3Y2NjOTFlNGZkNjc3ODEz
Y2YiCmZsYXNoSUM6J0FjdGlvbkNvbnRyb2xsZXI6OkZsYXNoOjpGbGFzaEhh
c2h7AAY6CkB1c2VkewA=--4a923b871ad338593b4aeff5f5645244cab8c099
  Parameters: {"action"=>"index", "controller"=>"categories"}


SyntaxError (/home/edonle/myapps/Todo/app/models/category.rb:3: syntax error, unexpected tIDENTIFIER, expecting kDO or '{' or '('):
    /vendor/rails/activesupport/lib/active_support/dependencies.rb:215:in `load_without_new_constant_marking'
    /vendor/rails/activesupport/lib/active_support/dependencies.rb:215:in `load_file'
    /vendor/rails/activesupport/lib/active_support/dependencies.rb:354:in `new_constants_in'
    /vendor/rails/activesupport/lib/active_support/dependencies.rb:214:in `load_file'
    /vendor/rails/activesupport/lib/active_support/dependencies.rb:95:in `require_or_load'
    /vendor/rails/activesupport/lib/active_support/dependencies.rb:260:in `load_missing_constant'
    /vendor/rails/activesupport/lib/active_support/dependencies.rb:467:in `const_missing'
    /vendor/rails/activesupport/lib/active_support/dependencies.rb:479:in `const_missing'
    /vendor/rails/activesupport/lib/active_support/dependencies.rb:272:in `load_missing_constant'
    /vendor/rails/activesupport/lib/active_support/dependencies.rb:483:in `const_missing'
    /app/controllers/categories_controller.rb:5:in `index'
    /vendor/rails/actionpack/lib/action_controller/base.rb:1162:in `send'
    /vendor/rails/actionpack/lib/action_controller/base.rb:1162:in `perform_action_without_filters'
    /vendor/rails/actionpack/lib/action_controller/filters.rb:580:in `call_filters'
    /vendor/rails/actionpack/lib/action_controller/filters.rb:573:in `perform_action_without_benchmark'
    /vendor/rails/actionpack/lib/action_controller/benchmarking.rb:68:in `perform_action_without_rescue'
    /usr/lib/ruby/1.8/benchmark.rb:293:in `measure'
    /vendor/rails/actionpack/lib/action_controller/benchmarking.rb:68:in `perform_action_without_rescue'
    /vendor/rails/actionpack/lib/action_controller/rescue.rb:201:in `perform_action_without_caching'
    /vendor/rails/actionpack/lib/action_controller/caching/sql_cache.rb:13:in `perform_action'
    /vendor/rails/activerecord/lib/active_record/connection_adapters/abstract/query_cache.rb:33:in `cache'
    /vendor/rails/activerecord/lib/active_record/query_cache.rb:8:in `cache'
    /vendor/rails/actionpack/lib/action_controller/caching/sql_cache.rb:12:in `perform_action'
    /vendor/rails/actionpack/lib/action_controller/base.rb:529:in `send'
    /vendor/rails/actionpack/lib/action_controller/base.rb:529:in `process_without_filters'
    /vendor/rails/actionpack/lib/action_controller/filters.rb:569:in `process_without_session_management_support'
    /vendor/rails/actionpack/lib/action_controller/session_management.rb:130:in `process'
    /vendor/rails/actionpack/lib/action_controller/base.rb:389:in `process'
    /vendor/rails/actionpack/lib/action_controller/dispatcher.rb:149:in `handle_request'
    /vendor/rails/actionpack/lib/action_controller/dispatcher.rb:107:in `dispatch'
    /vendor/rails/actionpack/lib/action_controller/dispatcher.rb:104:in `synchronize'
    /vendor/rails/actionpack/lib/action_controller/dispatcher.rb:104:in `dispatch'
    /vendor/rails/actionpack/lib/action_controller/dispatcher.rb:120:in `dispatch_cgi'
    /vendor/rails/actionpack/lib/action_controller/dispatcher.rb:35:in `dispatch'
    /vendor/rails/railties/lib/webrick_server.rb:112:in `handle_dispatch'
    /vendor/rails/railties/lib/webrick_server.rb:78:in `service'
    /usr/lib/ruby/1.8/webrick/httpserver.rb:104:in `service'
    /usr/lib/ruby/1.8/webrick/httpserver.rb:65:in `run'
    /usr/lib/ruby/1.8/webrick/server.rb:173:in `start_thread'
    /usr/lib/ruby/1.8/webrick/server.rb:162:in `start'
    /usr/lib/ruby/1.8/webrick/server.rb:162:in `start_thread'
    /usr/lib/ruby/1.8/webrick/server.rb:95:in `start'
    /usr/lib/ruby/1.8/webrick/server.rb:92:in `each'
    /usr/lib/ruby/1.8/webrick/server.rb:92:in `start'
    /usr/lib/ruby/1.8/webrick/server.rb:23:in `start'
    /usr/lib/ruby/1.8/webrick/server.rb:82:in `start'
    /vendor/rails/railties/lib/webrick_server.rb:62:in `dispatch'
    /vendor/rails/railties/lib/commands/servers/webrick.rb:66
    /usr/lib/ruby/1.8/rubygems/custom_require.rb:31:in `gem_original_require'
    /usr/lib/ruby/1.8/rubygems/custom_require.rb:31:in `require'
    /vendor/rails/activesupport/lib/active_support/dependencies.rb:509:in `require'
    /vendor/rails/activesupport/lib/active_support/dependencies.rb:354:in `new_constants_in'
    /vendor/rails/activesupport/lib/active_support/dependencies.rb:509:in `require'
    /vendor/rails/railties/lib/commands/server.rb:39
    /usr/lib/ruby/1.8/rubygems/custom_require.rb:31:in `gem_original_require'
    /usr/lib/ruby/1.8/rubygems/custom_require.rb:31:in `require'
    script/server:3

Rendering /home/edonle/myapps/Todo/vendor/rails/actionpack/lib/action_controller/templates/rescues/layout.erb (internal_server_error)


Processing CategoriesController#index (for 127.0.0.1 at 2009-10-14 18:14:42) [GET]
  Session ID: BAh7BzoMY3NyZl9pZCIlYjE2ZDY5ZmEzZWM4NDM3Y2NjOTFlNGZkNjc3ODEz
Y2YiCmZsYXNoSUM6J0FjdGlvbkNvbnRyb2xsZXI6OkZsYXNoOjpGbGFzaEhh
c2h7AAY6CkB1c2VkewA=--4a923b871ad338593b4aeff5f5645244cab8c099
  Parameters: {"action"=>"index", "controller"=>"categories"}


SyntaxError (/home/edonle/myapps/Todo/app/models/category.rb:3: syntax error, unexpected tIDENTIFIER, expecting kDO or '{' or '('):
    /vendor/rails/activesupport/lib/active_support/dependencies.rb:215:in `load_without_new_constant_marking'
    /vendor/rails/activesupport/lib/active_support/dependencies.rb:215:in `load_file'
    /vendor/rails/activesupport/lib/active_support/dependencies.rb:354:in `new_constants_in'
    /vendor/rails/activesupport/lib/active_support/dependencies.rb:214:in `load_file'
    /vendor/rails/activesupport/lib/active_support/dependencies.rb:95:in `require_or_load'
    /vendor/rails/activesupport/lib/active_support/dependencies.rb:260:in `load_missing_constant'
    /vendor/rails/activesupport/lib/active_support/dependencies.rb:467:in `const_missing'
    /vendor/rails/activesupport/lib/active_support/dependencies.rb:479:in `const_missing'
    /vendor/rails/activesupport/lib/active_support/dependencies.rb:272:in `load_missing_constant'
    /vendor/rails/activesupport/lib/active_support/dependencies.rb:483:in `const_missing'
    /app/controllers/categories_controller.rb:5:in `index'
    /vendor/rails/actionpack/lib/action_controller/base.rb:1162:in `send'
    /vendor/rails/actionpack/lib/action_controller/base.rb:1162:in `perform_action_without_filters'
    /vendor/rails/actionpack/lib/action_controller/filters.rb:580:in `call_filters'
    /vendor/rails/actionpack/lib/action_controller/filters.rb:573:in `perform_action_without_benchmark'
    /vendor/rails/actionpack/lib/action_controller/benchmarking.rb:68:in `perform_action_without_rescue'
    /usr/lib/ruby/1.8/benchmark.rb:293:in `measure'
    /vendor/rails/actionpack/lib/action_controller/benchmarking.rb:68:in `perform_action_without_rescue'
    /vendor/rails/actionpack/lib/action_controller/rescue.rb:201:in `perform_action_without_caching'
    /vendor/rails/actionpack/lib/action_controller/caching/sql_cache.rb:13:in `perform_action'
    /vendor/rails/activerecord/lib/active_record/connection_adapters/abstract/query_cache.rb:33:in `cache'
    /vendor/rails/activerecord/lib/active_record/query_cache.rb:8:in `cache'
    /vendor/rails/actionpack/lib/action_controller/caching/sql_cache.rb:12:in `perform_action'
    /vendor/rails/actionpack/lib/action_controller/base.rb:529:in `send'
    /vendor/rails/actionpack/lib/action_controller/base.rb:529:in `process_without_filters'
    /vendor/rails/actionpack/lib/action_controller/filters.rb:569:in `process_without_session_management_support'
    /vendor/rails/actionpack/lib/action_controller/session_management.rb:130:in `process'
    /vendor/rails/actionpack/lib/action_controller/base.rb:389:in `process'
    /vendor/rails/actionpack/lib/action_controller/dispatcher.rb:149:in `handle_request'
    /vendor/rails/actionpack/lib/action_controller/dispatcher.rb:107:in `dispatch'
    /vendor/rails/actionpack/lib/action_controller/dispatcher.rb:104:in `synchronize'
    /vendor/rails/actionpack/lib/action_controller/dispatcher.rb:104:in `dispatch'
    /vendor/rails/actionpack/lib/action_controller/dispatcher.rb:120:in `dispatch_cgi'
    /vendor/rails/actionpack/lib/action_controller/dispatcher.rb:35:in `dispatch'
    /vendor/rails/railties/lib/webrick_server.rb:112:in `handle_dispatch'
    /vendor/rails/railties/lib/webrick_server.rb:78:in `service'
    /usr/lib/ruby/1.8/webrick/httpserver.rb:104:in `service'
    /usr/lib/ruby/1.8/webrick/httpserver.rb:65:in `run'
    /usr/lib/ruby/1.8/webrick/server.rb:173:in `start_thread'
    /usr/lib/ruby/1.8/webrick/server.rb:162:in `start'
    /usr/lib/ruby/1.8/webrick/server.rb:162:in `start_thread'
    /usr/lib/ruby/1.8/webrick/server.rb:95:in `start'
    /usr/lib/ruby/1.8/webrick/server.rb:92:in `each'
    /usr/lib/ruby/1.8/webrick/server.rb:92:in `start'
    /usr/lib/ruby/1.8/webrick/server.rb:23:in `start'
    /usr/lib/ruby/1.8/webrick/server.rb:82:in `start'
    /vendor/rails/railties/lib/webrick_server.rb:62:in `dispatch'
    /vendor/rails/railties/lib/commands/servers/webrick.rb:66
    /usr/lib/ruby/1.8/rubygems/custom_require.rb:31:in `gem_original_require'
    /usr/lib/ruby/1.8/rubygems/custom_require.rb:31:in `require'
    /vendor/rails/activesupport/lib/active_support/dependencies.rb:509:in `require'
    /vendor/rails/activesupport/lib/active_support/dependencies.rb:354:in `new_constants_in'
    /vendor/rails/activesupport/lib/active_support/dependencies.rb:509:in `require'
    /vendor/rails/railties/lib/commands/server.rb:39
    /usr/lib/ruby/1.8/rubygems/custom_require.rb:31:in `gem_original_require'
    /usr/lib/ruby/1.8/rubygems/custom_require.rb:31:in `require'
    script/server:3

Rendering /home/edonle/myapps/Todo/vendor/rails/actionpack/lib/action_controller/templates/rescues/layout.erb (internal_server_error)


Processing CategoriesController#index (for 127.0.0.1 at 2009-10-14 18:15:16) [GET]
  Session ID: BAh7BzoMY3NyZl9pZCIlYjE2ZDY5ZmEzZWM4NDM3Y2NjOTFlNGZkNjc3ODEz
Y2YiCmZsYXNoSUM6J0FjdGlvbkNvbnRyb2xsZXI6OkZsYXNoOjpGbGFzaEhh
c2h7AAY6CkB1c2VkewA=--4a923b871ad338593b4aeff5f5645244cab8c099
  Parameters: {"action"=>"index", "controller"=>"categories"}
WARNING: You're using the Ruby-based MySQL library that ships with Rails. This library is not suited for production. Please install the C-based MySQL library instead (gem install mysql).
  [4;36;1mSQL (0.000194)[0m   [0;1mSET NAMES 'utf8'[0m
  [4;35;1mSQL (0.000174)[0m   [0mSET SQL_AUTO_IS_NULL=0[0m


SyntaxError (/home/edonle/myapps/Todo/app/models/category.rb:3: syntax error, unexpected tIDENTIFIER, expecting kDO or '{' or '('):
    /vendor/rails/activesupport/lib/active_support/dependencies.rb:215:in `load_without_new_constant_marking'
    /vendor/rails/activesupport/lib/active_support/dependencies.rb:215:in `load_file'
    /vendor/rails/activesupport/lib/active_support/dependencies.rb:354:in `new_constants_in'
    /vendor/rails/activesupport/lib/active_support/dependencies.rb:214:in `load_file'
    /vendor/rails/activesupport/lib/active_support/dependencies.rb:95:in `require_or_load'
    /vendor/rails/activesupport/lib/active_support/dependencies.rb:260:in `load_missing_constant'
    /vendor/rails/activesupport/lib/active_support/dependencies.rb:467:in `const_missing'
    /vendor/rails/activesupport/lib/active_support/dependencies.rb:479:in `const_missing'
    /vendor/rails/activesupport/lib/active_support/dependencies.rb:272:in `load_missing_constant'
    /vendor/rails/activesupport/lib/active_support/dependencies.rb:483:in `const_missing'
    /app/controllers/categories_controller.rb:5:in `index'
    /vendor/rails/actionpack/lib/action_controller/base.rb:1162:in `send'
    /vendor/rails/actionpack/lib/action_controller/base.rb:1162:in `perform_action_without_filters'
    /vendor/rails/actionpack/lib/action_controller/filters.rb:580:in `call_filters'
    /vendor/rails/actionpack/lib/action_controller/filters.rb:573:in `perform_action_without_benchmark'
    /vendor/rails/actionpack/lib/action_controller/benchmarking.rb:68:in `perform_action_without_rescue'
    /usr/lib/ruby/1.8/benchmark.rb:293:in `measure'
    /vendor/rails/actionpack/lib/action_controller/benchmarking.rb:68:in `perform_action_without_rescue'
    /vendor/rails/actionpack/lib/action_controller/rescue.rb:201:in `perform_action_without_caching'
    /vendor/rails/actionpack/lib/action_controller/caching/sql_cache.rb:13:in `perform_action'
    /vendor/rails/activerecord/lib/active_record/connection_adapters/abstract/query_cache.rb:33:in `cache'
    /vendor/rails/activerecord/lib/active_record/query_cache.rb:8:in `cache'
    /vendor/rails/actionpack/lib/action_controller/caching/sql_cache.rb:12:in `perform_action'
    /vendor/rails/actionpack/lib/action_controller/base.rb:529:in `send'
    /vendor/rails/actionpack/lib/action_controller/base.rb:529:in `process_without_filters'
    /vendor/rails/actionpack/lib/action_controller/filters.rb:569:in `process_without_session_management_support'
    /vendor/rails/actionpack/lib/action_controller/session_management.rb:130:in `process'
    /vendor/rails/actionpack/lib/action_controller/base.rb:389:in `process'
    /vendor/rails/actionpack/lib/action_controller/dispatcher.rb:149:in `handle_request'
    /vendor/rails/actionpack/lib/action_controller/dispatcher.rb:107:in `dispatch'
    /vendor/rails/actionpack/lib/action_controller/dispatcher.rb:104:in `synchronize'
    /vendor/rails/actionpack/lib/action_controller/dispatcher.rb:104:in `dispatch'
    /vendor/rails/actionpack/lib/action_controller/dispatcher.rb:120:in `dispatch_cgi'
    /vendor/rails/actionpack/lib/action_controller/dispatcher.rb:35:in `dispatch'
    /vendor/rails/railties/lib/webrick_server.rb:112:in `handle_dispatch'
    /vendor/rails/railties/lib/webrick_server.rb:78:in `service'
    /usr/lib/ruby/1.8/webrick/httpserver.rb:104:in `service'
    /usr/lib/ruby/1.8/webrick/httpserver.rb:65:in `run'
    /usr/lib/ruby/1.8/webrick/server.rb:173:in `start_thread'
    /usr/lib/ruby/1.8/webrick/server.rb:162:in `start'
    /usr/lib/ruby/1.8/webrick/server.rb:162:in `start_thread'
    /usr/lib/ruby/1.8/webrick/server.rb:95:in `start'
    /usr/lib/ruby/1.8/webrick/server.rb:92:in `each'
    /usr/lib/ruby/1.8/webrick/server.rb:92:in `start'
    /usr/lib/ruby/1.8/webrick/server.rb:23:in `start'
    /usr/lib/ruby/1.8/webrick/server.rb:82:in `start'
    /vendor/rails/railties/lib/webrick_server.rb:62:in `dispatch'
    /vendor/rails/railties/lib/commands/servers/webrick.rb:66
    /usr/lib/ruby/1.8/rubygems/custom_require.rb:31:in `gem_original_require'
    /usr/lib/ruby/1.8/rubygems/custom_require.rb:31:in `require'
    /vendor/rails/activesupport/lib/active_support/dependencies.rb:509:in `require'
    /vendor/rails/activesupport/lib/active_support/dependencies.rb:354:in `new_constants_in'
    /vendor/rails/activesupport/lib/active_support/dependencies.rb:509:in `require'
    /vendor/rails/railties/lib/commands/server.rb:39
    /usr/lib/ruby/1.8/rubygems/custom_require.rb:31:in `gem_original_require'
    /usr/lib/ruby/1.8/rubygems/custom_require.rb:31:in `require'
    script/server:3

Rendering /home/edonle/myapps/Todo/vendor/rails/actionpack/lib/action_controller/templates/rescues/layout.erb (internal_server_error)


Processing CategoriesController#index (for 127.0.0.1 at 2009-10-14 18:15:16) [GET]
  Session ID: BAh7BzoMY3NyZl9pZCIlYjE2ZDY5ZmEzZWM4NDM3Y2NjOTFlNGZkNjc3ODEz
Y2YiCmZsYXNoSUM6J0FjdGlvbkNvbnRyb2xsZXI6OkZsYXNoOjpGbGFzaEhh
c2h7AAY6CkB1c2VkewA=--4a923b871ad338593b4aeff5f5645244cab8c099
  Parameters: {"action"=>"index", "controller"=>"categories"}


SyntaxError (/home/edonle/myapps/Todo/app/models/category.rb:3: syntax error, unexpected tIDENTIFIER, expecting kDO or '{' or '('):
    /vendor/rails/activesupport/lib/active_support/dependencies.rb:215:in `load_without_new_constant_marking'
    /vendor/rails/activesupport/lib/active_support/dependencies.rb:215:in `load_file'
    /vendor/rails/activesupport/lib/active_support/dependencies.rb:354:in `new_constants_in'
    /vendor/rails/activesupport/lib/active_support/dependencies.rb:214:in `load_file'
    /vendor/rails/activesupport/lib/active_support/dependencies.rb:95:in `require_or_load'
    /vendor/rails/activesupport/lib/active_support/dependencies.rb:260:in `load_missing_constant'
    /vendor/rails/activesupport/lib/active_support/dependencies.rb:467:in `const_missing'
    /vendor/rails/activesupport/lib/active_support/dependencies.rb:479:in `const_missing'
    /vendor/rails/activesupport/lib/active_support/dependencies.rb:272:in `load_missing_constant'
    /vendor/rails/activesupport/lib/active_support/dependencies.rb:483:in `const_missing'
    /app/controllers/categories_controller.rb:5:in `index'
    /vendor/rails/actionpack/lib/action_controller/base.rb:1162:in `send'
    /vendor/rails/actionpack/lib/action_controller/base.rb:1162:in `perform_action_without_filters'
    /vendor/rails/actionpack/lib/action_controller/filters.rb:580:in `call_filters'
    /vendor/rails/actionpack/lib/action_controller/filters.rb:573:in `perform_action_without_benchmark'
    /vendor/rails/actionpack/lib/action_controller/benchmarking.rb:68:in `perform_action_without_rescue'
    /usr/lib/ruby/1.8/benchmark.rb:293:in `measure'
    /vendor/rails/actionpack/lib/action_controller/benchmarking.rb:68:in `perform_action_without_rescue'
    /vendor/rails/actionpack/lib/action_controller/rescue.rb:201:in `perform_action_without_caching'
    /vendor/rails/actionpack/lib/action_controller/caching/sql_cache.rb:13:in `perform_action'
    /vendor/rails/activerecord/lib/active_record/connection_adapters/abstract/query_cache.rb:33:in `cache'
    /vendor/rails/activerecord/lib/active_record/query_cache.rb:8:in `cache'
    /vendor/rails/actionpack/lib/action_controller/caching/sql_cache.rb:12:in `perform_action'
    /vendor/rails/actionpack/lib/action_controller/base.rb:529:in `send'
    /vendor/rails/actionpack/lib/action_controller/base.rb:529:in `process_without_filters'
    /vendor/rails/actionpack/lib/action_controller/filters.rb:569:in `process_without_session_management_support'
    /vendor/rails/actionpack/lib/action_controller/session_management.rb:130:in `process'
    /vendor/rails/actionpack/lib/action_controller/base.rb:389:in `process'
    /vendor/rails/actionpack/lib/action_controller/dispatcher.rb:149:in `handle_request'
    /vendor/rails/actionpack/lib/action_controller/dispatcher.rb:107:in `dispatch'
    /vendor/rails/actionpack/lib/action_controller/dispatcher.rb:104:in `synchronize'
    /vendor/rails/actionpack/lib/action_controller/dispatcher.rb:104:in `dispatch'
    /vendor/rails/actionpack/lib/action_controller/dispatcher.rb:120:in `dispatch_cgi'
    /vendor/rails/actionpack/lib/action_controller/dispatcher.rb:35:in `dispatch'
    /vendor/rails/railties/lib/webrick_server.rb:112:in `handle_dispatch'
    /vendor/rails/railties/lib/webrick_server.rb:78:in `service'
    /usr/lib/ruby/1.8/webrick/httpserver.rb:104:in `service'
    /usr/lib/ruby/1.8/webrick/httpserver.rb:65:in `run'
    /usr/lib/ruby/1.8/webrick/server.rb:173:in `start_thread'
    /usr/lib/ruby/1.8/webrick/server.rb:162:in `start'
    /usr/lib/ruby/1.8/webrick/server.rb:162:in `start_thread'
    /usr/lib/ruby/1.8/webrick/server.rb:95:in `start'
    /usr/lib/ruby/1.8/webrick/server.rb:92:in `each'
    /usr/lib/ruby/1.8/webrick/server.rb:92:in `start'
    /usr/lib/ruby/1.8/webrick/server.rb:23:in `start'
    /usr/lib/ruby/1.8/webrick/server.rb:82:in `start'
    /vendor/rails/railties/lib/webrick_server.rb:62:in `dispatch'
    /vendor/rails/railties/lib/commands/servers/webrick.rb:66
    /usr/lib/ruby/1.8/rubygems/custom_require.rb:31:in `gem_original_require'
    /usr/lib/ruby/1.8/rubygems/custom_require.rb:31:in `require'
    /vendor/rails/activesupport/lib/active_support/dependencies.rb:509:in `require'
    /vendor/rails/activesupport/lib/active_support/dependencies.rb:354:in `new_constants_in'
    /vendor/rails/activesupport/lib/active_support/dependencies.rb:509:in `require'
    /vendor/rails/railties/lib/commands/server.rb:39
    /usr/lib/ruby/1.8/rubygems/custom_require.rb:31:in `gem_original_require'
    /usr/lib/ruby/1.8/rubygems/custom_require.rb:31:in `require'
    script/server:3

Rendering /home/edonle/myapps/Todo/vendor/rails/actionpack/lib/action_controller/templates/rescues/layout.erb (internal_server_error)


Processing CategoriesController#index (for 127.0.0.1 at 2009-10-14 18:15:17) [GET]
  Session ID: BAh7BzoMY3NyZl9pZCIlYjE2ZDY5ZmEzZWM4NDM3Y2NjOTFlNGZkNjc3ODEz
Y2YiCmZsYXNoSUM6J0FjdGlvbkNvbnRyb2xsZXI6OkZsYXNoOjpGbGFzaEhh
c2h7AAY6CkB1c2VkewA=--4a923b871ad338593b4aeff5f5645244cab8c099
  Parameters: {"action"=>"index", "controller"=>"categories"}


SyntaxError (/home/edonle/myapps/Todo/app/models/category.rb:3: syntax error, unexpected tIDENTIFIER, expecting kDO or '{' or '('):
    /vendor/rails/activesupport/lib/active_support/dependencies.rb:215:in `load_without_new_constant_marking'
    /vendor/rails/activesupport/lib/active_support/dependencies.rb:215:in `load_file'
    /vendor/rails/activesupport/lib/active_support/dependencies.rb:354:in `new_constants_in'
    /vendor/rails/activesupport/lib/active_support/dependencies.rb:214:in `load_file'
    /vendor/rails/activesupport/lib/active_support/dependencies.rb:95:in `require_or_load'
    /vendor/rails/activesupport/lib/active_support/dependencies.rb:260:in `load_missing_constant'
    /vendor/rails/activesupport/lib/active_support/dependencies.rb:467:in `const_missing'
    /vendor/rails/activesupport/lib/active_support/dependencies.rb:479:in `const_missing'
    /vendor/rails/activesupport/lib/active_support/dependencies.rb:272:in `load_missing_constant'
    /vendor/rails/activesupport/lib/active_support/dependencies.rb:483:in `const_missing'
    /app/controllers/categories_controller.rb:5:in `index'
    /vendor/rails/actionpack/lib/action_controller/base.rb:1162:in `send'
    /vendor/rails/actionpack/lib/action_controller/base.rb:1162:in `perform_action_without_filters'
    /vendor/rails/actionpack/lib/action_controller/filters.rb:580:in `call_filters'
    /vendor/rails/actionpack/lib/action_controller/filters.rb:573:in `perform_action_without_benchmark'
    /vendor/rails/actionpack/lib/action_controller/benchmarking.rb:68:in `perform_action_without_rescue'
    /usr/lib/ruby/1.8/benchmark.rb:293:in `measure'
    /vendor/rails/actionpack/lib/action_controller/benchmarking.rb:68:in `perform_action_without_rescue'
    /vendor/rails/actionpack/lib/action_controller/rescue.rb:201:in `perform_action_without_caching'
    /vendor/rails/actionpack/lib/action_controller/caching/sql_cache.rb:13:in `perform_action'
    /vendor/rails/activerecord/lib/active_record/connection_adapters/abstract/query_cache.rb:33:in `cache'
    /vendor/rails/activerecord/lib/active_record/query_cache.rb:8:in `cache'
    /vendor/rails/actionpack/lib/action_controller/caching/sql_cache.rb:12:in `perform_action'
    /vendor/rails/actionpack/lib/action_controller/base.rb:529:in `send'
    /vendor/rails/actionpack/lib/action_controller/base.rb:529:in `process_without_filters'
    /vendor/rails/actionpack/lib/action_controller/filters.rb:569:in `process_without_session_management_support'
    /vendor/rails/actionpack/lib/action_controller/session_management.rb:130:in `process'
    /vendor/rails/actionpack/lib/action_controller/base.rb:389:in `process'
    /vendor/rails/actionpack/lib/action_controller/dispatcher.rb:149:in `handle_request'
    /vendor/rails/actionpack/lib/action_controller/dispatcher.rb:107:in `dispatch'
    /vendor/rails/actionpack/lib/action_controller/dispatcher.rb:104:in `synchronize'
    /vendor/rails/actionpack/lib/action_controller/dispatcher.rb:104:in `dispatch'
    /vendor/rails/actionpack/lib/action_controller/dispatcher.rb:120:in `dispatch_cgi'
    /vendor/rails/actionpack/lib/action_controller/dispatcher.rb:35:in `dispatch'
    /vendor/rails/railties/lib/webrick_server.rb:112:in `handle_dispatch'
    /vendor/rails/railties/lib/webrick_server.rb:78:in `service'
    /usr/lib/ruby/1.8/webrick/httpserver.rb:104:in `service'
    /usr/lib/ruby/1.8/webrick/httpserver.rb:65:in `run'
    /usr/lib/ruby/1.8/webrick/server.rb:173:in `start_thread'
    /usr/lib/ruby/1.8/webrick/server.rb:162:in `start'
    /usr/lib/ruby/1.8/webrick/server.rb:162:in `start_thread'
    /usr/lib/ruby/1.8/webrick/server.rb:95:in `start'
    /usr/lib/ruby/1.8/webrick/server.rb:92:in `each'
    /usr/lib/ruby/1.8/webrick/server.rb:92:in `start'
    /usr/lib/ruby/1.8/webrick/server.rb:23:in `start'
    /usr/lib/ruby/1.8/webrick/server.rb:82:in `start'
    /vendor/rails/railties/lib/webrick_server.rb:62:in `dispatch'
    /vendor/rails/railties/lib/commands/servers/webrick.rb:66
    /usr/lib/ruby/1.8/rubygems/custom_require.rb:31:in `gem_original_require'
    /usr/lib/ruby/1.8/rubygems/custom_require.rb:31:in `require'
    /vendor/rails/activesupport/lib/active_support/dependencies.rb:509:in `require'
    /vendor/rails/activesupport/lib/active_support/dependencies.rb:354:in `new_constants_in'
    /vendor/rails/activesupport/lib/active_support/dependencies.rb:509:in `require'
    /vendor/rails/railties/lib/commands/server.rb:39
    /usr/lib/ruby/1.8/rubygems/custom_require.rb:31:in `gem_original_require'
    /usr/lib/ruby/1.8/rubygems/custom_require.rb:31:in `require'
    script/server:3

Rendering /home/edonle/myapps/Todo/vendor/rails/actionpack/lib/action_controller/templates/rescues/layout.erb (internal_server_error)


Processing CategoriesController#index (for 127.0.0.1 at 2009-10-14 18:16:39) [GET]
  Session ID: BAh7BzoMY3NyZl9pZCIlYjE2ZDY5ZmEzZWM4NDM3Y2NjOTFlNGZkNjc3ODEz
Y2YiCmZsYXNoSUM6J0FjdGlvbkNvbnRyb2xsZXI6OkZsYXNoOjpGbGFzaEhh
c2h7AAY6CkB1c2VkewA=--4a923b871ad338593b4aeff5f5645244cab8c099
  Parameters: {"action"=>"index", "controller"=>"categories"}


ArgumentError (Range unspecified.  Specify the :within, :maximum, :minimum, or :is option.):
    /vendor/rails/activerecord/lib/active_record/validations.rb:520:in `validates_length_of'
    /app/models/category.rb:2
    /vendor/rails/activesupport/lib/active_support/dependencies.rb:215:in `load_without_new_constant_marking'
    /vendor/rails/activesupport/lib/active_support/dependencies.rb:215:in `load_file'
    /vendor/rails/activesupport/lib/active_support/dependencies.rb:354:in `new_constants_in'
    /vendor/rails/activesupport/lib/active_support/dependencies.rb:214:in `load_file'
    /vendor/rails/activesupport/lib/active_support/dependencies.rb:95:in `require_or_load'
    /vendor/rails/activesupport/lib/active_support/dependencies.rb:260:in `load_missing_constant'
    /vendor/rails/activesupport/lib/active_support/dependencies.rb:467:in `const_missing'
    /vendor/rails/activesupport/lib/active_support/dependencies.rb:479:in `const_missing'
    /vendor/rails/activesupport/lib/active_support/dependencies.rb:272:in `load_missing_constant'
    /vendor/rails/activesupport/lib/active_support/dependencies.rb:483:in `const_missing'
    /app/controllers/categories_controller.rb:5:in `index'
    /vendor/rails/actionpack/lib/action_controller/base.rb:1162:in `send'
    /vendor/rails/actionpack/lib/action_controller/base.rb:1162:in `perform_action_without_filters'
    /vendor/rails/actionpack/lib/action_controller/filters.rb:580:in `call_filters'
    /vendor/rails/actionpack/lib/action_controller/filters.rb:573:in `perform_action_without_benchmark'
    /vendor/rails/actionpack/lib/action_controller/benchmarking.rb:68:in `perform_action_without_rescue'
    /usr/lib/ruby/1.8/benchmark.rb:293:in `measure'
    /vendor/rails/actionpack/lib/action_controller/benchmarking.rb:68:in `perform_action_without_rescue'
    /vendor/rails/actionpack/lib/action_controller/rescue.rb:201:in `perform_action_without_caching'
    /vendor/rails/actionpack/lib/action_controller/caching/sql_cache.rb:13:in `perform_action'
    /vendor/rails/activerecord/lib/active_record/connection_adapters/abstract/query_cache.rb:33:in `cache'
    /vendor/rails/activerecord/lib/active_record/query_cache.rb:8:in `cache'
    /vendor/rails/actionpack/lib/action_controller/caching/sql_cache.rb:12:in `perform_action'
    /vendor/rails/actionpack/lib/action_controller/base.rb:529:in `send'
    /vendor/rails/actionpack/lib/action_controller/base.rb:529:in `process_without_filters'
    /vendor/rails/actionpack/lib/action_controller/filters.rb:569:in `process_without_session_management_support'
    /vendor/rails/actionpack/lib/action_controller/session_management.rb:130:in `process'
    /vendor/rails/actionpack/lib/action_controller/base.rb:389:in `process'
    /vendor/rails/actionpack/lib/action_controller/dispatcher.rb:149:in `handle_request'
    /vendor/rails/actionpack/lib/action_controller/dispatcher.rb:107:in `dispatch'
    /vendor/rails/actionpack/lib/action_controller/dispatcher.rb:104:in `synchronize'
    /vendor/rails/actionpack/lib/action_controller/dispatcher.rb:104:in `dispatch'
    /vendor/rails/actionpack/lib/action_controller/dispatcher.rb:120:in `dispatch_cgi'
    /vendor/rails/actionpack/lib/action_controller/dispatcher.rb:35:in `dispatch'
    /vendor/rails/railties/lib/webrick_server.rb:112:in `handle_dispatch'
    /vendor/rails/railties/lib/webrick_server.rb:78:in `service'
    /usr/lib/ruby/1.8/webrick/httpserver.rb:104:in `service'
    /usr/lib/ruby/1.8/webrick/httpserver.rb:65:in `run'
    /usr/lib/ruby/1.8/webrick/server.rb:173:in `start_thread'
    /usr/lib/ruby/1.8/webrick/server.rb:162:in `start'
    /usr/lib/ruby/1.8/webrick/server.rb:162:in `start_thread'
    /usr/lib/ruby/1.8/webrick/server.rb:95:in `start'
    /usr/lib/ruby/1.8/webrick/server.rb:92:in `each'
    /usr/lib/ruby/1.8/webrick/server.rb:92:in `start'
    /usr/lib/ruby/1.8/webrick/server.rb:23:in `start'
    /usr/lib/ruby/1.8/webrick/server.rb:82:in `start'
    /vendor/rails/railties/lib/webrick_server.rb:62:in `dispatch'
    /vendor/rails/railties/lib/commands/servers/webrick.rb:66
    /usr/lib/ruby/1.8/rubygems/custom_require.rb:31:in `gem_original_require'
    /usr/lib/ruby/1.8/rubygems/custom_require.rb:31:in `require'
    /vendor/rails/activesupport/lib/active_support/dependencies.rb:509:in `require'
    /vendor/rails/activesupport/lib/active_support/dependencies.rb:354:in `new_constants_in'
    /vendor/rails/activesupport/lib/active_support/dependencies.rb:509:in `require'
    /vendor/rails/railties/lib/commands/server.rb:39
    /usr/lib/ruby/1.8/rubygems/custom_require.rb:31:in `gem_original_require'
    /usr/lib/ruby/1.8/rubygems/custom_require.rb:31:in `require'
    script/server:3

Rendering /home/edonle/myapps/Todo/vendor/rails/actionpack/lib/action_controller/templates/rescues/layout.erb (internal_server_error)


Processing CategoriesController#index (for 127.0.0.1 at 2009-10-14 18:16:40) [GET]
  Session ID: BAh7BzoMY3NyZl9pZCIlYjE2ZDY5ZmEzZWM4NDM3Y2NjOTFlNGZkNjc3ODEz
Y2YiCmZsYXNoSUM6J0FjdGlvbkNvbnRyb2xsZXI6OkZsYXNoOjpGbGFzaEhh
c2h7AAY6CkB1c2VkewA=--4a923b871ad338593b4aeff5f5645244cab8c099
  Parameters: {"action"=>"index", "controller"=>"categories"}


ArgumentError (Range unspecified.  Specify the :within, :maximum, :minimum, or :is option.):
    /vendor/rails/activerecord/lib/active_record/validations.rb:520:in `validates_length_of'
    /app/models/category.rb:2
    /vendor/rails/activesupport/lib/active_support/dependencies.rb:215:in `load_without_new_constant_marking'
    /vendor/rails/activesupport/lib/active_support/dependencies.rb:215:in `load_file'
    /vendor/rails/activesupport/lib/active_support/dependencies.rb:354:in `new_constants_in'
    /vendor/rails/activesupport/lib/active_support/dependencies.rb:214:in `load_file'
    /vendor/rails/activesupport/lib/active_support/dependencies.rb:95:in `require_or_load'
    /vendor/rails/activesupport/lib/active_support/dependencies.rb:260:in `load_missing_constant'
    /vendor/rails/activesupport/lib/active_support/dependencies.rb:467:in `const_missing'
    /vendor/rails/activesupport/lib/active_support/dependencies.rb:479:in `const_missing'
    /vendor/rails/activesupport/lib/active_support/dependencies.rb:272:in `load_missing_constant'
    /vendor/rails/activesupport/lib/active_support/dependencies.rb:483:in `const_missing'
    /app/controllers/categories_controller.rb:5:in `index'
    /vendor/rails/actionpack/lib/action_controller/base.rb:1162:in `send'
    /vendor/rails/actionpack/lib/action_controller/base.rb:1162:in `perform_action_without_filters'
    /vendor/rails/actionpack/lib/action_controller/filters.rb:580:in `call_filters'
    /vendor/rails/actionpack/lib/action_controller/filters.rb:573:in `perform_action_without_benchmark'
    /vendor/rails/actionpack/lib/action_controller/benchmarking.rb:68:in `perform_action_without_rescue'
    /usr/lib/ruby/1.8/benchmark.rb:293:in `measure'
    /vendor/rails/actionpack/lib/action_controller/benchmarking.rb:68:in `perform_action_without_rescue'
    /vendor/rails/actionpack/lib/action_controller/rescue.rb:201:in `perform_action_without_caching'
    /vendor/rails/actionpack/lib/action_controller/caching/sql_cache.rb:13:in `perform_action'
    /vendor/rails/activerecord/lib/active_record/connection_adapters/abstract/query_cache.rb:33:in `cache'
    /vendor/rails/activerecord/lib/active_record/query_cache.rb:8:in `cache'
    /vendor/rails/actionpack/lib/action_controller/caching/sql_cache.rb:12:in `perform_action'
    /vendor/rails/actionpack/lib/action_controller/base.rb:529:in `send'
    /vendor/rails/actionpack/lib/action_controller/base.rb:529:in `process_without_filters'
    /vendor/rails/actionpack/lib/action_controller/filters.rb:569:in `process_without_session_management_support'
    /vendor/rails/actionpack/lib/action_controller/session_management.rb:130:in `process'
    /vendor/rails/actionpack/lib/action_controller/base.rb:389:in `process'
    /vendor/rails/actionpack/lib/action_controller/dispatcher.rb:149:in `handle_request'
    /vendor/rails/actionpack/lib/action_controller/dispatcher.rb:107:in `dispatch'
    /vendor/rails/actionpack/lib/action_controller/dispatcher.rb:104:in `synchronize'
    /vendor/rails/actionpack/lib/action_controller/dispatcher.rb:104:in `dispatch'
    /vendor/rails/actionpack/lib/action_controller/dispatcher.rb:120:in `dispatch_cgi'
    /vendor/rails/actionpack/lib/action_controller/dispatcher.rb:35:in `dispatch'
    /vendor/rails/railties/lib/webrick_server.rb:112:in `handle_dispatch'
    /vendor/rails/railties/lib/webrick_server.rb:78:in `service'
    /usr/lib/ruby/1.8/webrick/httpserver.rb:104:in `service'
    /usr/lib/ruby/1.8/webrick/httpserver.rb:65:in `run'
    /usr/lib/ruby/1.8/webrick/server.rb:173:in `start_thread'
    /usr/lib/ruby/1.8/webrick/server.rb:162:in `start'
    /usr/lib/ruby/1.8/webrick/server.rb:162:in `start_thread'
    /usr/lib/ruby/1.8/webrick/server.rb:95:in `start'
    /usr/lib/ruby/1.8/webrick/server.rb:92:in `each'
    /usr/lib/ruby/1.8/webrick/server.rb:92:in `start'
    /usr/lib/ruby/1.8/webrick/server.rb:23:in `start'
    /usr/lib/ruby/1.8/webrick/server.rb:82:in `start'
    /vendor/rails/railties/lib/webrick_server.rb:62:in `dispatch'
    /vendor/rails/railties/lib/commands/servers/webrick.rb:66
    /usr/lib/ruby/1.8/rubygems/custom_require.rb:31:in `gem_original_require'
    /usr/lib/ruby/1.8/rubygems/custom_require.rb:31:in `require'
    /vendor/rails/activesupport/lib/active_support/dependencies.rb:509:in `require'
    /vendor/rails/activesupport/lib/active_support/dependencies.rb:354:in `new_constants_in'
    /vendor/rails/activesupport/lib/active_support/dependencies.rb:509:in `require'
    /vendor/rails/railties/lib/commands/server.rb:39
    /usr/lib/ruby/1.8/rubygems/custom_require.rb:31:in `gem_original_require'
    /usr/lib/ruby/1.8/rubygems/custom_require.rb:31:in `require'
    script/server:3

Rendering /home/edonle/myapps/Todo/vendor/rails/actionpack/lib/action_controller/templates/rescues/layout.erb (internal_server_error)


Processing CategoriesController#index (for 127.0.0.1 at 2009-10-14 18:17:00) [GET]
  Session ID: BAh7BzoMY3NyZl9pZCIlYjE2ZDY5ZmEzZWM4NDM3Y2NjOTFlNGZkNjc3ODEz
Y2YiCmZsYXNoSUM6J0FjdGlvbkNvbnRyb2xsZXI6OkZsYXNoOjpGbGFzaEhh
c2h7AAY6CkB1c2VkewA=--4a923b871ad338593b4aeff5f5645244cab8c099
  Parameters: {"action"=>"index", "controller"=>"categories"}
  [4;36;1mCategory Load (0.000696)[0m   [0;1mSELECT * FROM `categories` [0m
Rendering template within layouts/categories
Rendering categories/index
  [4;35;1mCategory Columns (0.001710)[0m   [0mSHOW FIELDS FROM `categories`[0m
Completed in 0.01850 (54 reqs/sec) | Rendering: 0.00797 (43%) | DB: 0.00277 (14%) | 200 OK [http://localhost/categories]


Processing CategoriesController#index (for 127.0.0.1 at 2009-10-14 18:19:55) [GET]
  Session ID: BAh7BzoMY3NyZl9pZCIlYjE2ZDY5ZmEzZWM4NDM3Y2NjOTFlNGZkNjc3ODEz
Y2YiCmZsYXNoSUM6J0FjdGlvbkNvbnRyb2xsZXI6OkZsYXNoOjpGbGFzaEhh
c2h7AAY6CkB1c2VkewA=--4a923b871ad338593b4aeff5f5645244cab8c099
  Parameters: {"action"=>"index", "controller"=>"categories"}
  [4;36;1mCategory Load (0.001085)[0m   [0;1mSELECT * FROM `categories` [0m
Rendering template within layouts/categories
Rendering categories/index
  [4;35;1mCategory Columns (0.002645)[0m   [0mSHOW FIELDS FROM `categories`[0m
Completed in 0.02260 (44 reqs/sec) | Rendering: 0.00557 (24%) | DB: 0.00373 (16%) | 200 OK [http://localhost/categories]


Processing CategoriesController#index (for 127.0.0.1 at 2009-10-14 18:19:57) [GET]
  Session ID: BAh7BzoMY3NyZl9pZCIlYjE2ZDY5ZmEzZWM4NDM3Y2NjOTFlNGZkNjc3ODEz
Y2YiCmZsYXNoSUM6J0FjdGlvbkNvbnRyb2xsZXI6OkZsYXNoOjpGbGFzaEhh
c2h7AAY6CkB1c2VkewA=--4a923b871ad338593b4aeff5f5645244cab8c099
  Parameters: {"action"=>"index", "controller"=>"categories"}
  [4;36;1mCategory Load (0.001128)[0m   [0;1mSELECT * FROM `categories` [0m
Rendering template within layouts/categories
Rendering categories/index
  [4;35;1mCategory Columns (0.003289)[0m   [0mSHOW FIELDS FROM `categories`[0m
Completed in 0.02112 (47 reqs/sec) | Rendering: 0.00529 (25%) | DB: 0.00442 (20%) | 200 OK [http://localhost/categories]


Processing CategoriesController#index (for 127.0.0.1 at 2009-10-14 18:19:58) [GET]
  Session ID: BAh7BzoMY3NyZl9pZCIlYjE2ZDY5ZmEzZWM4NDM3Y2NjOTFlNGZkNjc3ODEz
Y2YiCmZsYXNoSUM6J0FjdGlvbkNvbnRyb2xsZXI6OkZsYXNoOjpGbGFzaEhh
c2h7AAY6CkB1c2VkewA=--4a923b871ad338593b4aeff5f5645244cab8c099
  Parameters: {"action"=>"index", "controller"=>"categories"}
  [4;36;1mCategory Load (0.000694)[0m   [0;1mSELECT * FROM `categories` [0m
Rendering template within layouts/categories
Rendering categories/index
  [4;35;1mCategory Columns (0.001668)[0m   [0mSHOW FIELDS FROM `categories`[0m
Completed in 0.01604 (62 reqs/sec) | Rendering: 0.00369 (23%) | DB: 0.00236 (14%) | 200 OK [http://localhost/categories]


Processing CategoriesController#index (for 127.0.0.1 at 2009-10-14 18:19:59) [GET]
  Session ID: BAh7BzoMY3NyZl9pZCIlYjE2ZDY5ZmEzZWM4NDM3Y2NjOTFlNGZkNjc3ODEz
Y2YiCmZsYXNoSUM6J0FjdGlvbkNvbnRyb2xsZXI6OkZsYXNoOjpGbGFzaEhh
c2h7AAY6CkB1c2VkewA=--4a923b871ad338593b4aeff5f5645244cab8c099
  Parameters: {"action"=>"index", "controller"=>"categories"}
  [4;36;1mCategory Load (0.000679)[0m   [0;1mSELECT * FROM `categories` [0m
Rendering template within layouts/categories
Rendering categories/index
  [4;35;1mCategory Columns (0.001834)[0m   [0mSHOW FIELDS FROM `categories`[0m
Completed in 0.01701 (58 reqs/sec) | Rendering: 0.00355 (20%) | DB: 0.00251 (14%) | 200 OK [http://localhost/categories]


Processing CategoriesController#index (for 127.0.0.1 at 2009-10-14 18:23:10) [GET]
  Session ID: BAh7BzoMY3NyZl9pZCIlYjE2ZDY5ZmEzZWM4NDM3Y2NjOTFlNGZkNjc3ODEz
Y2YiCmZsYXNoSUM6J0FjdGlvbkNvbnRyb2xsZXI6OkZsYXNoOjpGbGFzaEhh
c2h7AAY6CkB1c2VkewA=--4a923b871ad338593b4aeff5f5645244cab8c099
  Parameters: {"action"=>"index", "controller"=>"categories"}


SyntaxError (/home/edonle/myapps/Todo/app/models/category.rb:3: syntax error, unexpected tFID, expecting kDO or '{' or '('
  validates_uniqueness_of :category, :message => “já existe!”
                                                               ^):
    /vendor/rails/activesupport/lib/active_support/dependencies.rb:215:in `load_without_new_constant_marking'
    /vendor/rails/activesupport/lib/active_support/dependencies.rb:215:in `load_file'
    /vendor/rails/activesupport/lib/active_support/dependencies.rb:354:in `new_constants_in'
    /vendor/rails/activesupport/lib/active_support/dependencies.rb:214:in `load_file'
    /vendor/rails/activesupport/lib/active_support/dependencies.rb:95:in `require_or_load'
    /vendor/rails/activesupport/lib/active_support/dependencies.rb:260:in `load_missing_constant'
    /vendor/rails/activesupport/lib/active_support/dependencies.rb:467:in `const_missing'
    /vendor/rails/activesupport/lib/active_support/dependencies.rb:479:in `const_missing'
    /vendor/rails/activesupport/lib/active_support/dependencies.rb:272:in `load_missing_constant'
    /vendor/rails/activesupport/lib/active_support/dependencies.rb:483:in `const_missing'
    /app/controllers/categories_controller.rb:5:in `index'
    /vendor/rails/actionpack/lib/action_controller/base.rb:1162:in `send'
    /vendor/rails/actionpack/lib/action_controller/base.rb:1162:in `perform_action_without_filters'
    /vendor/rails/actionpack/lib/action_controller/filters.rb:580:in `call_filters'
    /vendor/rails/actionpack/lib/action_controller/filters.rb:573:in `perform_action_without_benchmark'
    /vendor/rails/actionpack/lib/action_controller/benchmarking.rb:68:in `perform_action_without_rescue'
    /usr/lib/ruby/1.8/benchmark.rb:293:in `measure'
    /vendor/rails/actionpack/lib/action_controller/benchmarking.rb:68:in `perform_action_without_rescue'
    /vendor/rails/actionpack/lib/action_controller/rescue.rb:201:in `perform_action_without_caching'
    /vendor/rails/actionpack/lib/action_controller/caching/sql_cache.rb:13:in `perform_action'
    /vendor/rails/activerecord/lib/active_record/connection_adapters/abstract/query_cache.rb:33:in `cache'
    /vendor/rails/activerecord/lib/active_record/query_cache.rb:8:in `cache'
    /vendor/rails/actionpack/lib/action_controller/caching/sql_cache.rb:12:in `perform_action'
    /vendor/rails/actionpack/lib/action_controller/base.rb:529:in `send'
    /vendor/rails/actionpack/lib/action_controller/base.rb:529:in `process_without_filters'
    /vendor/rails/actionpack/lib/action_controller/filters.rb:569:in `process_without_session_management_support'
    /vendor/rails/actionpack/lib/action_controller/session_management.rb:130:in `process'
    /vendor/rails/actionpack/lib/action_controller/base.rb:389:in `process'
    /vendor/rails/actionpack/lib/action_controller/dispatcher.rb:149:in `handle_request'
    /vendor/rails/actionpack/lib/action_controller/dispatcher.rb:107:in `dispatch'
    /vendor/rails/actionpack/lib/action_controller/dispatcher.rb:104:in `synchronize'
    /vendor/rails/actionpack/lib/action_controller/dispatcher.rb:104:in `dispatch'
    /vendor/rails/actionpack/lib/action_controller/dispatcher.rb:120:in `dispatch_cgi'
    /vendor/rails/actionpack/lib/action_controller/dispatcher.rb:35:in `dispatch'
    /vendor/rails/railties/lib/webrick_server.rb:112:in `handle_dispatch'
    /vendor/rails/railties/lib/webrick_server.rb:78:in `service'
    /usr/lib/ruby/1.8/webrick/httpserver.rb:104:in `service'
    /usr/lib/ruby/1.8/webrick/httpserver.rb:65:in `run'
    /usr/lib/ruby/1.8/webrick/server.rb:173:in `start_thread'
    /usr/lib/ruby/1.8/webrick/server.rb:162:in `start'
    /usr/lib/ruby/1.8/webrick/server.rb:162:in `start_thread'
    /usr/lib/ruby/1.8/webrick/server.rb:95:in `start'
    /usr/lib/ruby/1.8/webrick/server.rb:92:in `each'
    /usr/lib/ruby/1.8/webrick/server.rb:92:in `start'
    /usr/lib/ruby/1.8/webrick/server.rb:23:in `start'
    /usr/lib/ruby/1.8/webrick/server.rb:82:in `start'
    /vendor/rails/railties/lib/webrick_server.rb:62:in `dispatch'
    /vendor/rails/railties/lib/commands/servers/webrick.rb:66
    /usr/lib/ruby/1.8/rubygems/custom_require.rb:31:in `gem_original_require'
    /usr/lib/ruby/1.8/rubygems/custom_require.rb:31:in `require'
    /vendor/rails/activesupport/lib/active_support/dependencies.rb:509:in `require'
    /vendor/rails/activesupport/lib/active_support/dependencies.rb:354:in `new_constants_in'
    /vendor/rails/activesupport/lib/active_support/dependencies.rb:509:in `require'
    /vendor/rails/railties/lib/commands/server.rb:39
    /usr/lib/ruby/1.8/rubygems/custom_require.rb:31:in `gem_original_require'
    /usr/lib/ruby/1.8/rubygems/custom_require.rb:31:in `require'
    script/server:3

Rendering /home/edonle/myapps/Todo/vendor/rails/actionpack/lib/action_controller/templates/rescues/layout.erb (internal_server_error)


Processing CategoriesController#index (for 127.0.0.1 at 2009-10-14 18:23:30) [GET]
  Session ID: BAh7BzoMY3NyZl9pZCIlYjE2ZDY5ZmEzZWM4NDM3Y2NjOTFlNGZkNjc3ODEz
Y2YiCmZsYXNoSUM6J0FjdGlvbkNvbnRyb2xsZXI6OkZsYXNoOjpGbGFzaEhh
c2h7AAY6CkB1c2VkewA=--4a923b871ad338593b4aeff5f5645244cab8c099
  Parameters: {"action"=>"index", "controller"=>"categories"}


SyntaxError (/home/edonle/myapps/Todo/app/models/category.rb:3: syntax error, unexpected tFID, expecting kDO or '{' or '('
  validates_uniqueness_of :category, :message=>“já existe!”
                                                             ^):
    /vendor/rails/activesupport/lib/active_support/dependencies.rb:215:in `load_without_new_constant_marking'
    /vendor/rails/activesupport/lib/active_support/dependencies.rb:215:in `load_file'
    /vendor/rails/activesupport/lib/active_support/dependencies.rb:354:in `new_constants_in'
    /vendor/rails/activesupport/lib/active_support/dependencies.rb:214:in `load_file'
    /vendor/rails/activesupport/lib/active_support/dependencies.rb:95:in `require_or_load'
    /vendor/rails/activesupport/lib/active_support/dependencies.rb:260:in `load_missing_constant'
    /vendor/rails/activesupport/lib/active_support/dependencies.rb:467:in `const_missing'
    /vendor/rails/activesupport/lib/active_support/dependencies.rb:479:in `const_missing'
    /vendor/rails/activesupport/lib/active_support/dependencies.rb:272:in `load_missing_constant'
    /vendor/rails/activesupport/lib/active_support/dependencies.rb:483:in `const_missing'
    /app/controllers/categories_controller.rb:5:in `index'
    /vendor/rails/actionpack/lib/action_controller/base.rb:1162:in `send'
    /vendor/rails/actionpack/lib/action_controller/base.rb:1162:in `perform_action_without_filters'
    /vendor/rails/actionpack/lib/action_controller/filters.rb:580:in `call_filters'
    /vendor/rails/actionpack/lib/action_controller/filters.rb:573:in `perform_action_without_benchmark'
    /vendor/rails/actionpack/lib/action_controller/benchmarking.rb:68:in `perform_action_without_rescue'
    /usr/lib/ruby/1.8/benchmark.rb:293:in `measure'
    /vendor/rails/actionpack/lib/action_controller/benchmarking.rb:68:in `perform_action_without_rescue'
    /vendor/rails/actionpack/lib/action_controller/rescue.rb:201:in `perform_action_without_caching'
    /vendor/rails/actionpack/lib/action_controller/caching/sql_cache.rb:13:in `perform_action'
    /vendor/rails/activerecord/lib/active_record/connection_adapters/abstract/query_cache.rb:33:in `cache'
    /vendor/rails/activerecord/lib/active_record/query_cache.rb:8:in `cache'
    /vendor/rails/actionpack/lib/action_controller/caching/sql_cache.rb:12:in `perform_action'
    /vendor/rails/actionpack/lib/action_controller/base.rb:529:in `send'
    /vendor/rails/actionpack/lib/action_controller/base.rb:529:in `process_without_filters'
    /vendor/rails/actionpack/lib/action_controller/filters.rb:569:in `process_without_session_management_support'
    /vendor/rails/actionpack/lib/action_controller/session_management.rb:130:in `process'
    /vendor/rails/actionpack/lib/action_controller/base.rb:389:in `process'
    /vendor/rails/actionpack/lib/action_controller/dispatcher.rb:149:in `handle_request'
    /vendor/rails/actionpack/lib/action_controller/dispatcher.rb:107:in `dispatch'
    /vendor/rails/actionpack/lib/action_controller/dispatcher.rb:104:in `synchronize'
    /vendor/rails/actionpack/lib/action_controller/dispatcher.rb:104:in `dispatch'
    /vendor/rails/actionpack/lib/action_controller/dispatcher.rb:120:in `dispatch_cgi'
    /vendor/rails/actionpack/lib/action_controller/dispatcher.rb:35:in `dispatch'
    /vendor/rails/railties/lib/webrick_server.rb:112:in `handle_dispatch'
    /vendor/rails/railties/lib/webrick_server.rb:78:in `service'
    /usr/lib/ruby/1.8/webrick/httpserver.rb:104:in `service'
    /usr/lib/ruby/1.8/webrick/httpserver.rb:65:in `run'
    /usr/lib/ruby/1.8/webrick/server.rb:173:in `start_thread'
    /usr/lib/ruby/1.8/webrick/server.rb:162:in `start'
    /usr/lib/ruby/1.8/webrick/server.rb:162:in `start_thread'
    /usr/lib/ruby/1.8/webrick/server.rb:95:in `start'
    /usr/lib/ruby/1.8/webrick/server.rb:92:in `each'
    /usr/lib/ruby/1.8/webrick/server.rb:92:in `start'
    /usr/lib/ruby/1.8/webrick/server.rb:23:in `start'
    /usr/lib/ruby/1.8/webrick/server.rb:82:in `start'
    /vendor/rails/railties/lib/webrick_server.rb:62:in `dispatch'
    /vendor/rails/railties/lib/commands/servers/webrick.rb:66
    /usr/lib/ruby/1.8/rubygems/custom_require.rb:31:in `gem_original_require'
    /usr/lib/ruby/1.8/rubygems/custom_require.rb:31:in `require'
    /vendor/rails/activesupport/lib/active_support/dependencies.rb:509:in `require'
    /vendor/rails/activesupport/lib/active_support/dependencies.rb:354:in `new_constants_in'
    /vendor/rails/activesupport/lib/active_support/dependencies.rb:509:in `require'
    /vendor/rails/railties/lib/commands/server.rb:39
    /usr/lib/ruby/1.8/rubygems/custom_require.rb:31:in `gem_original_require'
    /usr/lib/ruby/1.8/rubygems/custom_require.rb:31:in `require'
    script/server:3

Rendering /home/edonle/myapps/Todo/vendor/rails/actionpack/lib/action_controller/templates/rescues/layout.erb (internal_server_error)


Processing CategoriesController#index (for 127.0.0.1 at 2009-10-14 18:23:31) [GET]
  Session ID: BAh7BzoMY3NyZl9pZCIlYjE2ZDY5ZmEzZWM4NDM3Y2NjOTFlNGZkNjc3ODEz
Y2YiCmZsYXNoSUM6J0FjdGlvbkNvbnRyb2xsZXI6OkZsYXNoOjpGbGFzaEhh
c2h7AAY6CkB1c2VkewA=--4a923b871ad338593b4aeff5f5645244cab8c099
  Parameters: {"action"=>"index", "controller"=>"categories"}


SyntaxError (/home/edonle/myapps/Todo/app/models/category.rb:3: syntax error, unexpected tFID, expecting kDO or '{' or '('
  validates_uniqueness_of :category, :message=>“já existe!”
                                                             ^):
    /vendor/rails/activesupport/lib/active_support/dependencies.rb:215:in `load_without_new_constant_marking'
    /vendor/rails/activesupport/lib/active_support/dependencies.rb:215:in `load_file'
    /vendor/rails/activesupport/lib/active_support/dependencies.rb:354:in `new_constants_in'
    /vendor/rails/activesupport/lib/active_support/dependencies.rb:214:in `load_file'
    /vendor/rails/activesupport/lib/active_support/dependencies.rb:95:in `require_or_load'
    /vendor/rails/activesupport/lib/active_support/dependencies.rb:260:in `load_missing_constant'
    /vendor/rails/activesupport/lib/active_support/dependencies.rb:467:in `const_missing'
    /vendor/rails/activesupport/lib/active_support/dependencies.rb:479:in `const_missing'
    /vendor/rails/activesupport/lib/active_support/dependencies.rb:272:in `load_missing_constant'
    /vendor/rails/activesupport/lib/active_support/dependencies.rb:483:in `const_missing'
    /app/controllers/categories_controller.rb:5:in `index'
    /vendor/rails/actionpack/lib/action_controller/base.rb:1162:in `send'
    /vendor/rails/actionpack/lib/action_controller/base.rb:1162:in `perform_action_without_filters'
    /vendor/rails/actionpack/lib/action_controller/filters.rb:580:in `call_filters'
    /vendor/rails/actionpack/lib/action_controller/filters.rb:573:in `perform_action_without_benchmark'
    /vendor/rails/actionpack/lib/action_controller/benchmarking.rb:68:in `perform_action_without_rescue'
    /usr/lib/ruby/1.8/benchmark.rb:293:in `measure'
    /vendor/rails/actionpack/lib/action_controller/benchmarking.rb:68:in `perform_action_without_rescue'
    /vendor/rails/actionpack/lib/action_controller/rescue.rb:201:in `perform_action_without_caching'
    /vendor/rails/actionpack/lib/action_controller/caching/sql_cache.rb:13:in `perform_action'
    /vendor/rails/activerecord/lib/active_record/connection_adapters/abstract/query_cache.rb:33:in `cache'
    /vendor/rails/activerecord/lib/active_record/query_cache.rb:8:in `cache'
    /vendor/rails/actionpack/lib/action_controller/caching/sql_cache.rb:12:in `perform_action'
    /vendor/rails/actionpack/lib/action_controller/base.rb:529:in `send'
    /vendor/rails/actionpack/lib/action_controller/base.rb:529:in `process_without_filters'
    /vendor/rails/actionpack/lib/action_controller/filters.rb:569:in `process_without_session_management_support'
    /vendor/rails/actionpack/lib/action_controller/session_management.rb:130:in `process'
    /vendor/rails/actionpack/lib/action_controller/base.rb:389:in `process'
    /vendor/rails/actionpack/lib/action_controller/dispatcher.rb:149:in `handle_request'
    /vendor/rails/actionpack/lib/action_controller/dispatcher.rb:107:in `dispatch'
    /vendor/rails/actionpack/lib/action_controller/dispatcher.rb:104:in `synchronize'
    /vendor/rails/actionpack/lib/action_controller/dispatcher.rb:104:in `dispatch'
    /vendor/rails/actionpack/lib/action_controller/dispatcher.rb:120:in `dispatch_cgi'
    /vendor/rails/actionpack/lib/action_controller/dispatcher.rb:35:in `dispatch'
    /vendor/rails/railties/lib/webrick_server.rb:112:in `handle_dispatch'
    /vendor/rails/railties/lib/webrick_server.rb:78:in `service'
    /usr/lib/ruby/1.8/webrick/httpserver.rb:104:in `service'
    /usr/lib/ruby/1.8/webrick/httpserver.rb:65:in `run'
    /usr/lib/ruby/1.8/webrick/server.rb:173:in `start_thread'
    /usr/lib/ruby/1.8/webrick/server.rb:162:in `start'
    /usr/lib/ruby/1.8/webrick/server.rb:162:in `start_thread'
    /usr/lib/ruby/1.8/webrick/server.rb:95:in `start'
    /usr/lib/ruby/1.8/webrick/server.rb:92:in `each'
    /usr/lib/ruby/1.8/webrick/server.rb:92:in `start'
    /usr/lib/ruby/1.8/webrick/server.rb:23:in `start'
    /usr/lib/ruby/1.8/webrick/server.rb:82:in `start'
    /vendor/rails/railties/lib/webrick_server.rb:62:in `dispatch'
    /vendor/rails/railties/lib/commands/servers/webrick.rb:66
    /usr/lib/ruby/1.8/rubygems/custom_require.rb:31:in `gem_original_require'
    /usr/lib/ruby/1.8/rubygems/custom_require.rb:31:in `require'
    /vendor/rails/activesupport/lib/active_support/dependencies.rb:509:in `require'
    /vendor/rails/activesupport/lib/active_support/dependencies.rb:354:in `new_constants_in'
    /vendor/rails/activesupport/lib/active_support/dependencies.rb:509:in `require'
    /vendor/rails/railties/lib/commands/server.rb:39
    /usr/lib/ruby/1.8/rubygems/custom_require.rb:31:in `gem_original_require'
    /usr/lib/ruby/1.8/rubygems/custom_require.rb:31:in `require'
    script/server:3

Rendering /home/edonle/myapps/Todo/vendor/rails/actionpack/lib/action_controller/templates/rescues/layout.erb (internal_server_error)


Processing CategoriesController#index (for 127.0.0.1 at 2009-10-14 18:23:41) [GET]
  Session ID: BAh7BzoMY3NyZl9pZCIlYjE2ZDY5ZmEzZWM4NDM3Y2NjOTFlNGZkNjc3ODEz
Y2YiCmZsYXNoSUM6J0FjdGlvbkNvbnRyb2xsZXI6OkZsYXNoOjpGbGFzaEhh
c2h7AAY6CkB1c2VkewA=--4a923b871ad338593b4aeff5f5645244cab8c099
  Parameters: {"action"=>"index", "controller"=>"categories"}
  [4;36;1mCategory Load (0.000798)[0m   [0;1mSELECT * FROM `categories` [0m
Rendering template within layouts/categories
Rendering categories/index
  [4;35;1mCategory Columns (0.002154)[0m   [0mSHOW FIELDS FROM `categories`[0m
Completed in 0.09900 (10 reqs/sec) | Rendering: 0.00406 (4%) | DB: 0.00295 (2%) | 200 OK [http://localhost/categories]


Processing CategoriesController#index (for 127.0.0.1 at 2009-10-14 18:23:42) [GET]
  Session ID: BAh7BzoMY3NyZl9pZCIlYjE2ZDY5ZmEzZWM4NDM3Y2NjOTFlNGZkNjc3ODEz
Y2YiCmZsYXNoSUM6J0FjdGlvbkNvbnRyb2xsZXI6OkZsYXNoOjpGbGFzaEhh
c2h7AAY6CkB1c2VkewA=--4a923b871ad338593b4aeff5f5645244cab8c099
  Parameters: {"action"=>"index", "controller"=>"categories"}
  [4;36;1mCategory Load (0.002702)[0m   [0;1mSELECT * FROM `categories` [0m
Rendering template within layouts/categories
Rendering categories/index
  [4;35;1mCategory Columns (0.006036)[0m   [0mSHOW FIELDS FROM `categories`[0m
Completed in 0.04110 (24 reqs/sec) | Rendering: 0.01217 (29%) | DB: 0.00874 (21%) | 200 OK [http://localhost/categories]


Processing CategoriesController#index (for 127.0.0.1 at 2009-10-14 18:23:42) [GET]
  Session ID: BAh7BzoMY3NyZl9pZCIlYjE2ZDY5ZmEzZWM4NDM3Y2NjOTFlNGZkNjc3ODEz
Y2YiCmZsYXNoSUM6J0FjdGlvbkNvbnRyb2xsZXI6OkZsYXNoOjpGbGFzaEhh
c2h7AAY6CkB1c2VkewA=--4a923b871ad338593b4aeff5f5645244cab8c099
  Parameters: {"action"=>"index", "controller"=>"categories"}
  [4;36;1mCategory Load (0.004242)[0m   [0;1mSELECT * FROM `categories` [0m
Rendering template within layouts/categories
Rendering categories/index
  [4;35;1mCategory Columns (0.006432)[0m   [0mSHOW FIELDS FROM `categories`[0m
Completed in 0.03836 (26 reqs/sec) | Rendering: 0.00907 (23%) | DB: 0.01067 (27%) | 200 OK [http://localhost/categories]


Processing CategoriesController#index (for 127.0.0.1 at 2009-10-14 18:23:42) [GET]
  Session ID: BAh7BzoMY3NyZl9pZCIlYjE2ZDY5ZmEzZWM4NDM3Y2NjOTFlNGZkNjc3ODEz
Y2YiCmZsYXNoSUM6J0FjdGlvbkNvbnRyb2xsZXI6OkZsYXNoOjpGbGFzaEhh
c2h7AAY6CkB1c2VkewA=--4a923b871ad338593b4aeff5f5645244cab8c099
  Parameters: {"action"=>"index", "controller"=>"categories"}
  [4;36;1mCategory Load (0.003401)[0m   [0;1mSELECT * FROM `categories` [0m
Rendering template within layouts/categories
Rendering categories/index
  [4;35;1mCategory Columns (0.001700)[0m   [0mSHOW FIELDS FROM `categories`[0m
Completed in 0.01880 (53 reqs/sec) | Rendering: 0.00350 (18%) | DB: 0.00510 (27%) | 200 OK [http://localhost/categories]


Processing CategoriesController#index (for 127.0.0.1 at 2009-10-14 18:23:42) [GET]
  Session ID: BAh7BzoMY3NyZl9pZCIlYjE2ZDY5ZmEzZWM4NDM3Y2NjOTFlNGZkNjc3ODEz
Y2YiCmZsYXNoSUM6J0FjdGlvbkNvbnRyb2xsZXI6OkZsYXNoOjpGbGFzaEhh
c2h7AAY6CkB1c2VkewA=--4a923b871ad338593b4aeff5f5645244cab8c099
  Parameters: {"action"=>"index", "controller"=>"categories"}
  [4;36;1mCategory Load (0.001313)[0m   [0;1mSELECT * FROM `categories` [0m
Rendering template within layouts/categories
Rendering categories/index
  [4;35;1mCategory Columns (0.003342)[0m   [0mSHOW FIELDS FROM `categories`[0m
Completed in 0.02661 (37 reqs/sec) | Rendering: 0.00545 (20%) | DB: 0.00466 (17%) | 200 OK [http://localhost/categories]


Processing CategoriesController#index (for 127.0.0.1 at 2009-10-14 18:23:42) [GET]
  Session ID: BAh7BzoMY3NyZl9pZCIlYjE2ZDY5ZmEzZWM4NDM3Y2NjOTFlNGZkNjc3ODEz
Y2YiCmZsYXNoSUM6J0FjdGlvbkNvbnRyb2xsZXI6OkZsYXNoOjpGbGFzaEhh
c2h7AAY6CkB1c2VkewA=--4a923b871ad338593b4aeff5f5645244cab8c099
  Parameters: {"action"=>"index", "controller"=>"categories"}
  [4;36;1mCategory Load (0.000856)[0m   [0;1mSELECT * FROM `categories` [0m
Rendering template within layouts/categories
Rendering categories/index
  [4;35;1mCategory Columns (0.003481)[0m   [0mSHOW FIELDS FROM `categories`[0m
Completed in 0.02527 (39 reqs/sec) | Rendering: 0.00617 (24%) | DB: 0.00434 (17%) | 200 OK [http://localhost/categories]


Processing CategoriesController#new (for 127.0.0.1 at 2009-10-14 18:23:45) [GET]
  Session ID: BAh7BzoMY3NyZl9pZCIlYjE2ZDY5ZmEzZWM4NDM3Y2NjOTFlNGZkNjc3ODEz
Y2YiCmZsYXNoSUM6J0FjdGlvbkNvbnRyb2xsZXI6OkZsYXNoOjpGbGFzaEhh
c2h7AAY6CkB1c2VkewA=--4a923b871ad338593b4aeff5f5645244cab8c099
  Parameters: {"action"=>"new", "controller"=>"categories"}
  [4;36;1mCategory Columns (0.001735)[0m   [0;1mSHOW FIELDS FROM `categories`[0m
Rendering template within layouts/categories
Rendering categories/new
Completed in 0.01481 (67 reqs/sec) | Rendering: 0.00474 (31%) | DB: 0.00174 (11%) | 200 OK [http://localhost/categories/new]


Processing CategoriesController#create (for 127.0.0.1 at 2009-10-14 18:23:49) [POST]
  Session ID: BAh7BzoMY3NyZl9pZCIlYjE2ZDY5ZmEzZWM4NDM3Y2NjOTFlNGZkNjc3ODEz
Y2YiCmZsYXNoSUM6J0FjdGlvbkNvbnRyb2xsZXI6OkZsYXNoOjpGbGFzaEhh
c2h7AAY6CkB1c2VkewA=--4a923b871ad338593b4aeff5f5645244cab8c099
  Parameters: {"commit"=>"Create", "category"=>{"category"=>"Pessoal"}, "authenticity_token"=>"f434e07e8237c97cead58ed18b67cc2721300612", "action"=>"create", "controller"=>"categories"}
  [4;35;1mCategory Columns (0.001706)[0m   [0mSHOW FIELDS FROM `categories`[0m
  [4;36;1mSQL (0.000199)[0m   [0;1mBEGIN[0m
  [4;35;1mSQL (0.000528)[0m   [0mSELECT `category` FROM `categories` WHERE (`categories`.category = 'Pessoal') [0m
  [4;36;1mSQL (0.000230)[0m   [0;1mCOMMIT[0m
Rendering template within layouts/categories
Rendering categories/new
Completed in 0.01842 (54 reqs/sec) | Rendering: 0.00295 (15%) | DB: 0.00266 (14%) | 200 OK [http://localhost/categories]


Processing CategoriesController#create (for 127.0.0.1 at 2009-10-14 18:25:11) [POST]
  Session ID: BAh7BzoMY3NyZl9pZCIlYjE2ZDY5ZmEzZWM4NDM3Y2NjOTFlNGZkNjc3ODEz
Y2YiCmZsYXNoSUM6J0FjdGlvbkNvbnRyb2xsZXI6OkZsYXNoOjpGbGFzaEhh
c2h7AAY6CkB1c2VkewA=--4a923b871ad338593b4aeff5f5645244cab8c099
  Parameters: {"commit"=>"Create", "category"=>{"category"=>"Pessoal"}, "authenticity_token"=>"f434e07e8237c97cead58ed18b67cc2721300612", "action"=>"create", "controller"=>"categories"}
  [4;35;1mCategory Columns (0.003438)[0m   [0mSHOW FIELDS FROM `categories`[0m
  [4;36;1mSQL (0.000319)[0m   [0;1mBEGIN[0m
  [4;35;1mSQL (0.000417)[0m   [0mSELECT `category` FROM `categories` WHERE (`categories`.category = 'Pessoal') [0m
  [4;36;1mSQL (0.000211)[0m   [0;1mCOMMIT[0m
Rendering template within layouts/categories
Rendering categories/new
Completed in 0.02914 (34 reqs/sec) | Rendering: 0.00457 (15%) | DB: 0.00438 (15%) | 200 OK [http://localhost/categories]


Processing CategoriesController#index (for 127.0.0.1 at 2009-10-14 18:25:14) [GET]
  Session ID: BAh7BzoMY3NyZl9pZCIlYjE2ZDY5ZmEzZWM4NDM3Y2NjOTFlNGZkNjc3ODEz
Y2YiCmZsYXNoSUM6J0FjdGlvbkNvbnRyb2xsZXI6OkZsYXNoOjpGbGFzaEhh
c2h7AAY6CkB1c2VkewA=--4a923b871ad338593b4aeff5f5645244cab8c099
  Parameters: {"action"=>"index", "controller"=>"categories"}
  [4;35;1mCategory Load (0.000824)[0m   [0mSELECT * FROM `categories` [0m
Rendering template within layouts/categories
Rendering categories/index
  [4;36;1mCategory Columns (0.001864)[0m   [0;1mSHOW FIELDS FROM `categories`[0m
Completed in 0.01814 (55 reqs/sec) | Rendering: 0.00358 (19%) | DB: 0.00269 (14%) | 200 OK [http://localhost/categories]


Processing CategoriesController#new (for 127.0.0.1 at 2009-10-14 18:25:16) [GET]
  Session ID: BAh7BzoMY3NyZl9pZCIlYjE2ZDY5ZmEzZWM4NDM3Y2NjOTFlNGZkNjc3ODEz
Y2YiCmZsYXNoSUM6J0FjdGlvbkNvbnRyb2xsZXI6OkZsYXNoOjpGbGFzaEhh
c2h7AAY6CkB1c2VkewA=--4a923b871ad338593b4aeff5f5645244cab8c099
  Parameters: {"action"=>"new", "controller"=>"categories"}
  [4;35;1mCategory Columns (0.001782)[0m   [0mSHOW FIELDS FROM `categories`[0m
Rendering template within layouts/categories
Rendering categories/new
Completed in 0.01437 (69 reqs/sec) | Rendering: 0.00409 (28%) | DB: 0.00178 (12%) | 200 OK [http://localhost/categories/new]


Processing CategoriesController#create (for 127.0.0.1 at 2009-10-14 18:25:20) [POST]
  Session ID: BAh7BzoMY3NyZl9pZCIlYjE2ZDY5ZmEzZWM4NDM3Y2NjOTFlNGZkNjc3ODEz
Y2YiCmZsYXNoSUM6J0FjdGlvbkNvbnRyb2xsZXI6OkZsYXNoOjpGbGFzaEhh
c2h7AAY6CkB1c2VkewA=--4a923b871ad338593b4aeff5f5645244cab8c099
  Parameters: {"commit"=>"Create", "category"=>{"category"=>"Trabalho"}, "authenticity_token"=>"f434e07e8237c97cead58ed18b67cc2721300612", "action"=>"create", "controller"=>"categories"}
  [4;36;1mCategory Columns (0.002483)[0m   [0;1mSHOW FIELDS FROM `categories`[0m
  [4;35;1mSQL (0.000395)[0m   [0mBEGIN[0m
  [4;36;1mSQL (0.000663)[0m   [0;1mSELECT `category` FROM `categories` WHERE (`categories`.category = 'Trabalho') [0m
  [4;35;1mCategory Create (0.000425)[0m   [0mINSERT INTO `categories` (`category`, `created_at`, `updated_at`) VALUES('Trabalho', '2009-10-14 21:25:20', '2009-10-14 21:25:20')[0m
  [4;36;1mSQL (0.001974)[0m   [0;1mCOMMIT[0m
Redirected to http://localhost:3000/categories/3
Completed in 0.02356 (42 reqs/sec) | DB: 0.00594 (25%) | 302 Found [http://localhost/categories]


Processing CategoriesController#show (for 127.0.0.1 at 2009-10-14 18:25:20) [GET]
  Session ID: BAh7BzoMY3NyZl9pZCIlYjE2ZDY5ZmEzZWM4NDM3Y2NjOTFlNGZkNjc3ODEz
Y2YiCmZsYXNoSUM6J0FjdGlvbkNvbnRyb2xsZXI6OkZsYXNoOjpGbGFzaEhh
c2h7BjoLbm90aWNlIidDYXRlZ29yeSB3YXMgc3VjY2Vzc2Z1bGx5IGNyZWF0
ZWQuBjoKQHVzZWR7BjsHRg==--9c93cc7d6cbe935c83294d310bf1b29e71566e6f
  Parameters: {"action"=>"show", "id"=>"3", "controller"=>"categories"}
  [4;35;1mCategory Columns (0.001983)[0m   [0mSHOW FIELDS FROM `categories`[0m
  [4;36;1mCategory Load (0.000745)[0m   [0;1mSELECT * FROM `categories` WHERE (`categories`.`id` = 3) [0m
Rendering template within layouts/categories
Rendering categories/show
Completed in 0.01558 (64 reqs/sec) | Rendering: 0.00400 (25%) | DB: 0.00273 (17%) | 200 OK [http://localhost/categories/3]


Processing CategoriesController#index (for 127.0.0.1 at 2009-10-14 18:25:22) [GET]
  Session ID: BAh7BzoMY3NyZl9pZCIlYjE2ZDY5ZmEzZWM4NDM3Y2NjOTFlNGZkNjc3ODEz
Y2YiCmZsYXNoSUM6J0FjdGlvbkNvbnRyb2xsZXI6OkZsYXNoOjpGbGFzaEhh
c2h7BjoLbm90aWNlIidDYXRlZ29yeSB3YXMgc3VjY2Vzc2Z1bGx5IGNyZWF0
ZWQuBjoKQHVzZWR7BjsHVA==--246bcbeeacc2971e12f208512f9e72346629ebc1
  Parameters: {"action"=>"index", "controller"=>"categories"}
  [4;35;1mCategory Load (0.001091)[0m   [0mSELECT * FROM `categories` [0m
Rendering template within layouts/categories
Rendering categories/index
  [4;36;1mCategory Columns (0.002131)[0m   [0;1mSHOW FIELDS FROM `categories`[0m
Completed in 0.02180 (45 reqs/sec) | Rendering: 0.00544 (24%) | DB: 0.00322 (14%) | 200 OK [http://localhost/categories]


Processing CategoriesController#new (for 127.0.0.1 at 2009-10-14 18:25:23) [GET]
  Session ID: BAh7BzoMY3NyZl9pZCIlYjE2ZDY5ZmEzZWM4NDM3Y2NjOTFlNGZkNjc3ODEz
Y2YiCmZsYXNoSUM6J0FjdGlvbkNvbnRyb2xsZXI6OkZsYXNoOjpGbGFzaEhh
c2h7AAY6CkB1c2VkewA=--4a923b871ad338593b4aeff5f5645244cab8c099
  Parameters: {"action"=>"new", "controller"=>"categories"}
  [4;35;1mCategory Columns (0.002203)[0m   [0mSHOW FIELDS FROM `categories`[0m
Rendering template within layouts/categories
Rendering categories/new
Completed in 0.01978 (50 reqs/sec) | Rendering: 0.00505 (25%) | DB: 0.00220 (11%) | 200 OK [http://localhost/categories/new]


Processing CategoriesController#create (for 127.0.0.1 at 2009-10-14 18:25:29) [POST]
  Session ID: BAh7BzoMY3NyZl9pZCIlYjE2ZDY5ZmEzZWM4NDM3Y2NjOTFlNGZkNjc3ODEz
Y2YiCmZsYXNoSUM6J0FjdGlvbkNvbnRyb2xsZXI6OkZsYXNoOjpGbGFzaEhh
c2h7AAY6CkB1c2VkewA=--4a923b871ad338593b4aeff5f5645244cab8c099
  Parameters: {"commit"=>"Create", "category"=>{"category"=>"Partidário"}, "authenticity_token"=>"f434e07e8237c97cead58ed18b67cc2721300612", "action"=>"create", "controller"=>"categories"}
  [4;36;1mCategory Columns (0.002300)[0m   [0;1mSHOW FIELDS FROM `categories`[0m
  [4;35;1mSQL (0.000269)[0m   [0mBEGIN[0m
  [4;36;1mSQL (0.000596)[0m   [0;1mSELECT `category` FROM `categories` WHERE (`categories`.category = 'Partidário') [0m
  [4;35;1mCategory Create (0.000374)[0m   [0mINSERT INTO `categories` (`category`, `created_at`, `updated_at`) VALUES('Partidário', '2009-10-14 21:25:29', '2009-10-14 21:25:29')[0m
  [4;36;1mSQL (0.003104)[0m   [0;1mCOMMIT[0m
Redirected to http://localhost:3000/categories/4
Completed in 0.02282 (43 reqs/sec) | DB: 0.00664 (29%) | 302 Found [http://localhost/categories]


Processing CategoriesController#show (for 127.0.0.1 at 2009-10-14 18:25:29) [GET]
  Session ID: BAh7BzoMY3NyZl9pZCIlYjE2ZDY5ZmEzZWM4NDM3Y2NjOTFlNGZkNjc3ODEz
Y2YiCmZsYXNoSUM6J0FjdGlvbkNvbnRyb2xsZXI6OkZsYXNoOjpGbGFzaEhh
c2h7BjoLbm90aWNlIidDYXRlZ29yeSB3YXMgc3VjY2Vzc2Z1bGx5IGNyZWF0
ZWQuBjoKQHVzZWR7BjsHRg==--9c93cc7d6cbe935c83294d310bf1b29e71566e6f
  Parameters: {"action"=>"show", "id"=>"4", "controller"=>"categories"}
  [4;35;1mCategory Columns (0.002214)[0m   [0mSHOW FIELDS FROM `categories`[0m
  [4;36;1mCategory Load (0.001051)[0m   [0;1mSELECT * FROM `categories` WHERE (`categories`.`id` = 4) [0m
Rendering template within layouts/categories
Rendering categories/show
Completed in 0.01952 (51 reqs/sec) | Rendering: 0.00302 (15%) | DB: 0.00326 (16%) | 200 OK [http://localhost/categories/4]


Processing CategoriesController#index (for 127.0.0.1 at 2009-10-14 18:25:32) [GET]
  Session ID: BAh7BzoMY3NyZl9pZCIlYjE2ZDY5ZmEzZWM4NDM3Y2NjOTFlNGZkNjc3ODEz
Y2YiCmZsYXNoSUM6J0FjdGlvbkNvbnRyb2xsZXI6OkZsYXNoOjpGbGFzaEhh
c2h7BjoLbm90aWNlIidDYXRlZ29yeSB3YXMgc3VjY2Vzc2Z1bGx5IGNyZWF0
ZWQuBjoKQHVzZWR7BjsHVA==--246bcbeeacc2971e12f208512f9e72346629ebc1
  Parameters: {"action"=>"index", "controller"=>"categories"}
  [4;35;1mCategory Load (0.000971)[0m   [0mSELECT * FROM `categories` [0m
Rendering template within layouts/categories
Rendering categories/index
  [4;36;1mCategory Columns (0.001653)[0m   [0;1mSHOW FIELDS FROM `categories`[0m
Completed in 0.01685 (59 reqs/sec) | Rendering: 0.00556 (32%) | DB: 0.00262 (15%) | 200 OK [http://localhost/categories]


Processing CategoriesController#edit (for 127.0.0.1 at 2009-10-14 18:26:31) [GET]
  Session ID: BAh7BzoMY3NyZl9pZCIlYjE2ZDY5ZmEzZWM4NDM3Y2NjOTFlNGZkNjc3ODEz
Y2YiCmZsYXNoSUM6J0FjdGlvbkNvbnRyb2xsZXI6OkZsYXNoOjpGbGFzaEhh
c2h7AAY6CkB1c2VkewA=--4a923b871ad338593b4aeff5f5645244cab8c099
  Parameters: {"action"=>"edit", "id"=>"1", "controller"=>"categories"}
  [4;35;1mCategory Columns (0.001781)[0m   [0mSHOW FIELDS FROM `categories`[0m
  [4;36;1mCategory Load (0.000768)[0m   [0;1mSELECT * FROM `categories` WHERE (`categories`.`id` = 1) [0m
Rendering template within layouts/categories
Rendering categories/edit
Completed in 0.01646 (60 reqs/sec) | Rendering: 0.00552 (33%) | DB: 0.00255 (15%) | 200 OK [http://localhost/categories/1/edit]


Processing CategoriesController#index (for 127.0.0.1 at 2009-10-14 18:26:33) [GET]
  Session ID: BAh7BzoMY3NyZl9pZCIlYjE2ZDY5ZmEzZWM4NDM3Y2NjOTFlNGZkNjc3ODEz
Y2YiCmZsYXNoSUM6J0FjdGlvbkNvbnRyb2xsZXI6OkZsYXNoOjpGbGFzaEhh
c2h7AAY6CkB1c2VkewA=--4a923b871ad338593b4aeff5f5645244cab8c099
  Parameters: {"action"=>"index", "controller"=>"categories"}
  [4;35;1mCategory Load (0.001500)[0m   [0mSELECT * FROM `categories` [0m
Rendering template within layouts/categories
Rendering categories/index
  [4;36;1mCategory Columns (0.002180)[0m   [0;1mSHOW FIELDS FROM `categories`[0m
Completed in 0.02210 (45 reqs/sec) | Rendering: 0.00567 (25%) | DB: 0.00368 (16%) | 200 OK [http://localhost/categories]


Processing CategoriesController#show (for 127.0.0.1 at 2009-10-14 18:26:35) [GET]
  Session ID: BAh7BzoMY3NyZl9pZCIlYjE2ZDY5ZmEzZWM4NDM3Y2NjOTFlNGZkNjc3ODEz
Y2YiCmZsYXNoSUM6J0FjdGlvbkNvbnRyb2xsZXI6OkZsYXNoOjpGbGFzaEhh
c2h7AAY6CkB1c2VkewA=--4a923b871ad338593b4aeff5f5645244cab8c099
  Parameters: {"action"=>"show", "id"=>"1", "controller"=>"categories"}
  [4;35;1mCategory Columns (0.001779)[0m   [0mSHOW FIELDS FROM `categories`[0m
  [4;36;1mCategory Load (0.000578)[0m   [0;1mSELECT * FROM `categories` WHERE (`categories`.`id` = 1) [0m
Rendering template within layouts/categories
Rendering categories/show
Completed in 0.01579 (63 reqs/sec) | Rendering: 0.00251 (15%) | DB: 0.00236 (14%) | 200 OK [http://localhost/categories/1]


Processing CategoriesController#index (for 127.0.0.1 at 2009-10-14 18:26:37) [GET]
  Session ID: BAh7BzoMY3NyZl9pZCIlYjE2ZDY5ZmEzZWM4NDM3Y2NjOTFlNGZkNjc3ODEz
Y2YiCmZsYXNoSUM6J0FjdGlvbkNvbnRyb2xsZXI6OkZsYXNoOjpGbGFzaEhh
c2h7AAY6CkB1c2VkewA=--4a923b871ad338593b4aeff5f5645244cab8c099
  Parameters: {"action"=>"index", "controller"=>"categories"}
  [4;35;1mCategory Load (0.001143)[0m   [0mSELECT * FROM `categories` [0m
Rendering template within layouts/categories
Rendering categories/index
  [4;36;1mCategory Columns (0.001672)[0m   [0;1mSHOW FIELDS FROM `categories`[0m
Completed in 0.01641 (60 reqs/sec) | Rendering: 0.00433 (26%) | DB: 0.00282 (17%) | 200 OK [http://localhost/categories]
